{"C:\\Users\\ADMIN\\Desktop\\Teach2Give\\Week8\\fullstack\\bug-tracker2\\src\\basicutils.ts": {"path":"C:\\Users\\ADMIN\\Desktop\\Teach2Give\\Week8\\fullstack\\bug-tracker2\\src\\basicutils.ts","statementMap":{"0":{"start":{"line":1,"column":0},"end":{"line":1,"column":16}},"1":{"start":{"line":2,"column":4},"end":{"line":2,"column":17}}},"fnMap":{"0":{"name":"product","decl":{"start":{"line":1,"column":16},"end":{"line":1,"column":23}},"loc":{"start":{"line":1,"column":45},"end":{"line":3,"column":1}}}},"branchMap":{},"s":{"0":1,"1":1},"f":{"0":1},"b":{}}
,"C:\\Users\\ADMIN\\Desktop\\Teach2Give\\Week8\\fullstack\\bug-tracker2\\src\\index.ts": {"path":"C:\\Users\\ADMIN\\Desktop\\Teach2Give\\Week8\\fullstack\\bug-tracker2\\src\\index.ts","statementMap":{"0":{"start":{"line":1,"column":0},"end":{"line":1,"column":28}},"1":{"start":{"line":2,"column":0},"end":{"line":2,"column":30}},"2":{"start":{"line":3,"column":0},"end":{"line":3,"column":39}},"3":{"start":{"line":4,"column":0},"end":{"line":4,"column":44}},"4":{"start":{"line":5,"column":0},"end":{"line":5,"column":53}},"5":{"start":{"line":6,"column":0},"end":{"line":6,"column":53}},"6":{"start":{"line":7,"column":0},"end":{"line":7,"column":46}},"7":{"start":{"line":9,"column":13},"end":{"line":9,"column":22}},"8":{"start":{"line":10,"column":0},"end":{"line":10,"column":16}},"9":{"start":{"line":13,"column":0},"end":{"line":13,"column":24}},"10":{"start":{"line":15,"column":13},"end":{"line":15,"column":37}},"11":{"start":{"line":19,"column":0},"end":{"line":19,"column":15}},"12":{"start":{"line":20,"column":0},"end":{"line":20,"column":19}},"13":{"start":{"line":21,"column":0},"end":{"line":21,"column":19}},"14":{"start":{"line":22,"column":0},"end":{"line":22,"column":16}},"15":{"start":{"line":25,"column":0},"end":{"line":36,"column":3}},"16":{"start":{"line":26,"column":4},"end":{"line":35,"column":7}},"17":{"start":{"line":38,"column":0},"end":{"line":52,"column":3}},"18":{"start":{"line":39,"column":4},"end":{"line":39,"column":38}},"19":{"start":{"line":40,"column":4},"end":{"line":51,"column":5}},"20":{"start":{"line":41,"column":28},"end":{"line":41,"column":43}},"21":{"start":{"line":42,"column":8},"end":{"line":48,"column":9}},"22":{"start":{"line":43,"column":12},"end":{"line":43,"column":73}},"23":{"start":{"line":44,"column":12},"end":{"line":44,"column":59}},"24":{"start":{"line":47,"column":12},"end":{"line":47,"column":53}},"25":{"start":{"line":50,"column":8},"end":{"line":50,"column":56}}},"fnMap":{"0":{"name":"(anonymous_1)","decl":{"start":{"line":25,"column":13},"end":{"line":25,"column":14}},"loc":{"start":{"line":25,"column":26},"end":{"line":36,"column":1}}},"1":{"name":"(anonymous_2)","decl":{"start":{"line":38,"column":17},"end":{"line":38,"column":22}},"loc":{"start":{"line":38,"column":28},"end":{"line":52,"column":1}}}},"branchMap":{"0":{"loc":{"start":{"line":15,"column":13},"end":{"line":15,"column":37}},"type":"binary-expr","locations":[{"start":{"line":15,"column":13},"end":{"line":15,"column":29}},{"start":{"line":15,"column":33},"end":{"line":15,"column":37}}]},"1":{"loc":{"start":{"line":42,"column":8},"end":{"line":48,"column":9}},"type":"if","locations":[{"start":{"line":42,"column":8},"end":{"line":48,"column":9}},{"start":{"line":46,"column":12},"end":{"line":48,"column":9}}]}},"s":{"0":0,"1":0,"2":0,"3":0,"4":0,"5":0,"6":0,"7":0,"8":0,"9":0,"10":0,"11":0,"12":0,"13":0,"14":0,"15":0,"16":0,"17":0,"18":0,"19":0,"20":0,"21":0,"22":0,"23":0,"24":0,"25":0},"f":{"0":0,"1":0},"b":{"0":[0,0],"1":[0,0]}}
,"C:\\Users\\ADMIN\\Desktop\\Teach2Give\\Week8\\fullstack\\bug-tracker2\\src\\controllers\\bug.controller.ts": {"path":"C:\\Users\\ADMIN\\Desktop\\Teach2Give\\Week8\\fullstack\\bug-tracker2\\src\\controllers\\bug.controller.ts","statementMap":{"0":{"start":{"line":16,"column":0},"end":{"line":16,"column":62}},"1":{"start":{"line":17,"column":0},"end":{"line":17,"column":null}},"2":{"start":{"line":38,"column":36},"end":{"line":45,"column":1}},"3":{"start":{"line":39,"column":4},"end":{"line":44,"column":5}},"4":{"start":{"line":40,"column":21},"end":{"line":40,"column":39}},"5":{"start":{"line":41,"column":8},"end":{"line":41,"column":27}},"6":{"start":{"line":43,"column":8},"end":{"line":43,"column":42}},"7":{"start":{"line":38,"column":13},"end":{"line":38,"column":36}},"8":{"start":{"line":56,"column":36},"end":{"line":67,"column":1}},"9":{"start":{"line":57,"column":4},"end":{"line":66,"column":5}},"10":{"start":{"line":58,"column":22},"end":{"line":58,"column":45}},"11":{"start":{"line":59,"column":20},"end":{"line":59,"column":43}},"12":{"start":{"line":60,"column":8},"end":{"line":62,"column":9}},"13":{"start":{"line":61,"column":12},"end":{"line":61,"column":70}},"14":{"start":{"line":63,"column":8},"end":{"line":63,"column":26}},"15":{"start":{"line":65,"column":8},"end":{"line":65,"column":42}},"16":{"start":{"line":56,"column":13},"end":{"line":56,"column":36}},"17":{"start":{"line":78,"column":42},"end":{"line":86,"column":1}},"18":{"start":{"line":79,"column":4},"end":{"line":85,"column":5}},"19":{"start":{"line":80,"column":26},"end":{"line":80,"column":56}},"20":{"start":{"line":81,"column":21},"end":{"line":81,"column":54}},"21":{"start":{"line":82,"column":8},"end":{"line":82,"column":27}},"22":{"start":{"line":84,"column":8},"end":{"line":84,"column":42}},"23":{"start":{"line":78,"column":13},"end":{"line":78,"column":42}},"24":{"start":{"line":97,"column":43},"end":{"line":105,"column":1}},"25":{"start":{"line":98,"column":4},"end":{"line":104,"column":5}},"26":{"start":{"line":99,"column":27},"end":{"line":99,"column":58}},"27":{"start":{"line":100,"column":21},"end":{"line":100,"column":56}},"28":{"start":{"line":101,"column":8},"end":{"line":101,"column":27}},"29":{"start":{"line":103,"column":8},"end":{"line":103,"column":42}},"30":{"start":{"line":97,"column":13},"end":{"line":97,"column":43}},"31":{"start":{"line":116,"column":43},"end":{"line":124,"column":1}},"32":{"start":{"line":117,"column":4},"end":{"line":123,"column":5}},"33":{"start":{"line":118,"column":27},"end":{"line":118,"column":58}},"34":{"start":{"line":119,"column":21},"end":{"line":119,"column":56}},"35":{"start":{"line":120,"column":8},"end":{"line":120,"column":27}},"36":{"start":{"line":122,"column":8},"end":{"line":122,"column":42}},"37":{"start":{"line":116,"column":13},"end":{"line":116,"column":43}},"38":{"start":{"line":135,"column":41},"end":{"line":143,"column":1}},"39":{"start":{"line":136,"column":4},"end":{"line":142,"column":5}},"40":{"start":{"line":137,"column":23},"end":{"line":137,"column":40}},"41":{"start":{"line":138,"column":21},"end":{"line":138,"column":50}},"42":{"start":{"line":139,"column":8},"end":{"line":139,"column":27}},"43":{"start":{"line":141,"column":8},"end":{"line":141,"column":42}},"44":{"start":{"line":135,"column":13},"end":{"line":135,"column":41}},"45":{"start":{"line":154,"column":35},"end":{"line":165,"column":1}},"46":{"start":{"line":155,"column":4},"end":{"line":164,"column":5}},"47":{"start":{"line":156,"column":24},"end":{"line":156,"column":32}},"48":{"start":{"line":157,"column":20},"end":{"line":157,"column":44}},"49":{"start":{"line":158,"column":8},"end":{"line":161,"column":11}},"50":{"start":{"line":163,"column":8},"end":{"line":163,"column":42}},"51":{"start":{"line":154,"column":13},"end":{"line":154,"column":35}},"52":{"start":{"line":177,"column":35},"end":{"line":195,"column":1}},"53":{"start":{"line":178,"column":4},"end":{"line":194,"column":5}},"54":{"start":{"line":179,"column":22},"end":{"line":179,"column":45}},"55":{"start":{"line":180,"column":24},"end":{"line":180,"column":32}},"56":{"start":{"line":181,"column":20},"end":{"line":181,"column":51}},"57":{"start":{"line":182,"column":8},"end":{"line":184,"column":9}},"58":{"start":{"line":183,"column":12},"end":{"line":183,"column":70}},"59":{"start":{"line":185,"column":8},"end":{"line":188,"column":11}},"60":{"start":{"line":190,"column":8},"end":{"line":192,"column":9}},"61":{"start":{"line":191,"column":12},"end":{"line":191,"column":68}},"62":{"start":{"line":193,"column":8},"end":{"line":193,"column":42}},"63":{"start":{"line":177,"column":13},"end":{"line":177,"column":35}},"64":{"start":{"line":207,"column":35},"end":{"line":221,"column":1}},"65":{"start":{"line":208,"column":4},"end":{"line":220,"column":5}},"66":{"start":{"line":209,"column":22},"end":{"line":209,"column":45}},"67":{"start":{"line":210,"column":24},"end":{"line":210,"column":46}},"68":{"start":{"line":211,"column":8},"end":{"line":213,"column":9}},"69":{"start":{"line":212,"column":12},"end":{"line":212,"column":70}},"70":{"start":{"line":214,"column":8},"end":{"line":214,"column":58}},"71":{"start":{"line":216,"column":8},"end":{"line":218,"column":9}},"72":{"start":{"line":217,"column":12},"end":{"line":217,"column":68}},"73":{"start":{"line":219,"column":8},"end":{"line":219,"column":42}},"74":{"start":{"line":207,"column":13},"end":{"line":207,"column":35}}},"fnMap":{"0":{"name":"(anonymous_0)","decl":{"start":{"line":38,"column":36},"end":{"line":38,"column":41}},"loc":{"start":{"line":38,"column":74},"end":{"line":45,"column":1}}},"1":{"name":"(anonymous_1)","decl":{"start":{"line":56,"column":36},"end":{"line":56,"column":41}},"loc":{"start":{"line":56,"column":74},"end":{"line":67,"column":1}}},"2":{"name":"(anonymous_2)","decl":{"start":{"line":78,"column":42},"end":{"line":78,"column":47}},"loc":{"start":{"line":78,"column":80},"end":{"line":86,"column":1}}},"3":{"name":"(anonymous_3)","decl":{"start":{"line":97,"column":43},"end":{"line":97,"column":48}},"loc":{"start":{"line":97,"column":81},"end":{"line":105,"column":1}}},"4":{"name":"(anonymous_4)","decl":{"start":{"line":116,"column":43},"end":{"line":116,"column":48}},"loc":{"start":{"line":116,"column":81},"end":{"line":124,"column":1}}},"5":{"name":"(anonymous_5)","decl":{"start":{"line":135,"column":41},"end":{"line":135,"column":46}},"loc":{"start":{"line":135,"column":79},"end":{"line":143,"column":1}}},"6":{"name":"(anonymous_6)","decl":{"start":{"line":154,"column":35},"end":{"line":154,"column":40}},"loc":{"start":{"line":154,"column":73},"end":{"line":165,"column":1}}},"7":{"name":"(anonymous_7)","decl":{"start":{"line":177,"column":35},"end":{"line":177,"column":40}},"loc":{"start":{"line":177,"column":73},"end":{"line":195,"column":1}}},"8":{"name":"(anonymous_8)","decl":{"start":{"line":207,"column":35},"end":{"line":207,"column":40}},"loc":{"start":{"line":207,"column":73},"end":{"line":221,"column":1}}}},"branchMap":{"0":{"loc":{"start":{"line":60,"column":8},"end":{"line":62,"column":9}},"type":"if","locations":[{"start":{"line":60,"column":8},"end":{"line":62,"column":9}},{"start":{},"end":{}}]},"1":{"loc":{"start":{"line":182,"column":8},"end":{"line":184,"column":9}},"type":"if","locations":[{"start":{"line":182,"column":8},"end":{"line":184,"column":9}},{"start":{},"end":{}}]},"2":{"loc":{"start":{"line":190,"column":8},"end":{"line":192,"column":9}},"type":"if","locations":[{"start":{"line":190,"column":8},"end":{"line":192,"column":9}},{"start":{},"end":{}}]},"3":{"loc":{"start":{"line":211,"column":8},"end":{"line":213,"column":9}},"type":"if","locations":[{"start":{"line":211,"column":8},"end":{"line":213,"column":9}},{"start":{},"end":{}}]},"4":{"loc":{"start":{"line":216,"column":8},"end":{"line":218,"column":9}},"type":"if","locations":[{"start":{"line":216,"column":8},"end":{"line":218,"column":9}},{"start":{},"end":{}}]}},"s":{"0":0,"1":0,"2":0,"3":0,"4":0,"5":0,"6":0,"7":0,"8":0,"9":0,"10":0,"11":0,"12":0,"13":0,"14":0,"15":0,"16":0,"17":0,"18":0,"19":0,"20":0,"21":0,"22":0,"23":0,"24":0,"25":0,"26":0,"27":0,"28":0,"29":0,"30":0,"31":0,"32":0,"33":0,"34":0,"35":0,"36":0,"37":0,"38":0,"39":0,"40":0,"41":0,"42":0,"43":0,"44":0,"45":0,"46":0,"47":0,"48":0,"49":0,"50":0,"51":0,"52":0,"53":0,"54":0,"55":0,"56":0,"57":0,"58":0,"59":0,"60":0,"61":0,"62":0,"63":0,"64":0,"65":0,"66":0,"67":0,"68":0,"69":0,"70":0,"71":0,"72":0,"73":0,"74":0},"f":{"0":0,"1":0,"2":0,"3":0,"4":0,"5":0,"6":0,"7":0,"8":0},"b":{"0":[0,0],"1":[0,0],"2":[0,0],"3":[0,0],"4":[0,0]}}
,"C:\\Users\\ADMIN\\Desktop\\Teach2Give\\Week8\\fullstack\\bug-tracker2\\src\\controllers\\comment.controller.ts": {"path":"C:\\Users\\ADMIN\\Desktop\\Teach2Give\\Week8\\fullstack\\bug-tracker2\\src\\controllers\\comment.controller.ts","statementMap":{"0":{"start":{"line":13,"column":0},"end":{"line":13,"column":62}},"1":{"start":{"line":14,"column":0},"end":{"line":14,"column":null}},"2":{"start":{"line":34,"column":40},"end":{"line":41,"column":1}},"3":{"start":{"line":35,"column":4},"end":{"line":40,"column":5}},"4":{"start":{"line":36,"column":25},"end":{"line":36,"column":47}},"5":{"start":{"line":37,"column":8},"end":{"line":37,"column":31}},"6":{"start":{"line":39,"column":8},"end":{"line":39,"column":42}},"7":{"start":{"line":34,"column":13},"end":{"line":34,"column":40}},"8":{"start":{"line":52,"column":40},"end":{"line":63,"column":1}},"9":{"start":{"line":53,"column":4},"end":{"line":62,"column":5}},"10":{"start":{"line":54,"column":26},"end":{"line":54,"column":49}},"11":{"start":{"line":55,"column":24},"end":{"line":55,"column":55}},"12":{"start":{"line":56,"column":8},"end":{"line":58,"column":9}},"13":{"start":{"line":57,"column":12},"end":{"line":57,"column":74}},"14":{"start":{"line":59,"column":8},"end":{"line":59,"column":30}},"15":{"start":{"line":61,"column":8},"end":{"line":61,"column":42}},"16":{"start":{"line":52,"column":13},"end":{"line":52,"column":40}},"17":{"start":{"line":75,"column":42},"end":{"line":83,"column":1}},"18":{"start":{"line":76,"column":4},"end":{"line":82,"column":5}},"19":{"start":{"line":77,"column":22},"end":{"line":77,"column":48}},"20":{"start":{"line":78,"column":25},"end":{"line":78,"column":54}},"21":{"start":{"line":79,"column":8},"end":{"line":79,"column":31}},"22":{"start":{"line":81,"column":8},"end":{"line":81,"column":42}},"23":{"start":{"line":75,"column":13},"end":{"line":75,"column":42}},"24":{"start":{"line":94,"column":43},"end":{"line":102,"column":1}},"25":{"start":{"line":95,"column":4},"end":{"line":101,"column":5}},"26":{"start":{"line":96,"column":23},"end":{"line":96,"column":50}},"27":{"start":{"line":97,"column":25},"end":{"line":97,"column":56}},"28":{"start":{"line":98,"column":8},"end":{"line":98,"column":31}},"29":{"start":{"line":100,"column":8},"end":{"line":100,"column":42}},"30":{"start":{"line":94,"column":13},"end":{"line":94,"column":43}},"31":{"start":{"line":114,"column":39},"end":{"line":125,"column":1}},"32":{"start":{"line":115,"column":4},"end":{"line":124,"column":5}},"33":{"start":{"line":116,"column":28},"end":{"line":116,"column":36}},"34":{"start":{"line":117,"column":24},"end":{"line":117,"column":56}},"35":{"start":{"line":118,"column":8},"end":{"line":121,"column":11}},"36":{"start":{"line":123,"column":8},"end":{"line":123,"column":42}},"37":{"start":{"line":114,"column":13},"end":{"line":114,"column":39}},"38":{"start":{"line":137,"column":39},"end":{"line":152,"column":1}},"39":{"start":{"line":138,"column":4},"end":{"line":151,"column":5}},"40":{"start":{"line":139,"column":26},"end":{"line":139,"column":49}},"41":{"start":{"line":140,"column":28},"end":{"line":140,"column":36}},"42":{"start":{"line":141,"column":24},"end":{"line":141,"column":67}},"43":{"start":{"line":142,"column":8},"end":{"line":144,"column":9}},"44":{"start":{"line":143,"column":12},"end":{"line":143,"column":74}},"45":{"start":{"line":145,"column":8},"end":{"line":148,"column":11}},"46":{"start":{"line":150,"column":8},"end":{"line":150,"column":42}},"47":{"start":{"line":137,"column":13},"end":{"line":137,"column":39}},"48":{"start":{"line":164,"column":39},"end":{"line":175,"column":1}},"49":{"start":{"line":165,"column":4},"end":{"line":174,"column":5}},"50":{"start":{"line":166,"column":26},"end":{"line":166,"column":49}},"51":{"start":{"line":167,"column":24},"end":{"line":167,"column":54}},"52":{"start":{"line":168,"column":8},"end":{"line":170,"column":9}},"53":{"start":{"line":169,"column":12},"end":{"line":169,"column":74}},"54":{"start":{"line":171,"column":8},"end":{"line":171,"column":62}},"55":{"start":{"line":173,"column":8},"end":{"line":173,"column":42}},"56":{"start":{"line":164,"column":13},"end":{"line":164,"column":39}},"57":{"start":{"line":187,"column":45},"end":{"line":197,"column":1}},"58":{"start":{"line":188,"column":4},"end":{"line":196,"column":5}},"59":{"start":{"line":189,"column":22},"end":{"line":189,"column":48}},"60":{"start":{"line":190,"column":29},"end":{"line":190,"column":61}},"61":{"start":{"line":191,"column":8},"end":{"line":193,"column":11}},"62":{"start":{"line":195,"column":8},"end":{"line":195,"column":42}},"63":{"start":{"line":187,"column":13},"end":{"line":187,"column":45}}},"fnMap":{"0":{"name":"(anonymous_0)","decl":{"start":{"line":34,"column":40},"end":{"line":34,"column":45}},"loc":{"start":{"line":34,"column":78},"end":{"line":41,"column":1}}},"1":{"name":"(anonymous_1)","decl":{"start":{"line":52,"column":40},"end":{"line":52,"column":45}},"loc":{"start":{"line":52,"column":78},"end":{"line":63,"column":1}}},"2":{"name":"(anonymous_2)","decl":{"start":{"line":75,"column":42},"end":{"line":75,"column":47}},"loc":{"start":{"line":75,"column":80},"end":{"line":83,"column":1}}},"3":{"name":"(anonymous_3)","decl":{"start":{"line":94,"column":43},"end":{"line":94,"column":48}},"loc":{"start":{"line":94,"column":81},"end":{"line":102,"column":1}}},"4":{"name":"(anonymous_4)","decl":{"start":{"line":114,"column":39},"end":{"line":114,"column":44}},"loc":{"start":{"line":114,"column":77},"end":{"line":125,"column":1}}},"5":{"name":"(anonymous_5)","decl":{"start":{"line":137,"column":39},"end":{"line":137,"column":44}},"loc":{"start":{"line":137,"column":77},"end":{"line":152,"column":1}}},"6":{"name":"(anonymous_6)","decl":{"start":{"line":164,"column":39},"end":{"line":164,"column":44}},"loc":{"start":{"line":164,"column":77},"end":{"line":175,"column":1}}},"7":{"name":"(anonymous_7)","decl":{"start":{"line":187,"column":45},"end":{"line":187,"column":50}},"loc":{"start":{"line":187,"column":83},"end":{"line":197,"column":1}}}},"branchMap":{"0":{"loc":{"start":{"line":56,"column":8},"end":{"line":58,"column":9}},"type":"if","locations":[{"start":{"line":56,"column":8},"end":{"line":58,"column":9}},{"start":{},"end":{}}]},"1":{"loc":{"start":{"line":142,"column":8},"end":{"line":144,"column":9}},"type":"if","locations":[{"start":{"line":142,"column":8},"end":{"line":144,"column":9}},{"start":{},"end":{}}]},"2":{"loc":{"start":{"line":168,"column":8},"end":{"line":170,"column":9}},"type":"if","locations":[{"start":{"line":168,"column":8},"end":{"line":170,"column":9}},{"start":{},"end":{}}]}},"s":{"0":0,"1":0,"2":0,"3":0,"4":0,"5":0,"6":0,"7":0,"8":0,"9":0,"10":0,"11":0,"12":0,"13":0,"14":0,"15":0,"16":0,"17":0,"18":0,"19":0,"20":0,"21":0,"22":0,"23":0,"24":0,"25":0,"26":0,"27":0,"28":0,"29":0,"30":0,"31":0,"32":0,"33":0,"34":0,"35":0,"36":0,"37":0,"38":0,"39":0,"40":0,"41":0,"42":0,"43":0,"44":0,"45":0,"46":0,"47":0,"48":0,"49":0,"50":0,"51":0,"52":0,"53":0,"54":0,"55":0,"56":0,"57":0,"58":0,"59":0,"60":0,"61":0,"62":0,"63":0},"f":{"0":0,"1":0,"2":0,"3":0,"4":0,"5":0,"6":0,"7":0},"b":{"0":[0,0],"1":[0,0],"2":[0,0]}}
,"C:\\Users\\ADMIN\\Desktop\\Teach2Give\\Week8\\fullstack\\bug-tracker2\\src\\controllers\\project.controller.ts": {"path":"C:\\Users\\ADMIN\\Desktop\\Teach2Give\\Week8\\fullstack\\bug-tracker2\\src\\controllers\\project.controller.ts","statementMap":{"0":{"start":{"line":14,"column":0},"end":{"line":14,"column":62}},"1":{"start":{"line":15,"column":0},"end":{"line":15,"column":null}},"2":{"start":{"line":34,"column":40},"end":{"line":41,"column":1}},"3":{"start":{"line":35,"column":4},"end":{"line":40,"column":5}},"4":{"start":{"line":36,"column":25},"end":{"line":36,"column":47}},"5":{"start":{"line":37,"column":8},"end":{"line":37,"column":31}},"6":{"start":{"line":39,"column":8},"end":{"line":39,"column":42}},"7":{"start":{"line":34,"column":13},"end":{"line":34,"column":40}},"8":{"start":{"line":53,"column":40},"end":{"line":64,"column":1}},"9":{"start":{"line":54,"column":4},"end":{"line":63,"column":5}},"10":{"start":{"line":55,"column":26},"end":{"line":55,"column":49}},"11":{"start":{"line":56,"column":24},"end":{"line":56,"column":55}},"12":{"start":{"line":57,"column":8},"end":{"line":59,"column":9}},"13":{"start":{"line":58,"column":12},"end":{"line":58,"column":74}},"14":{"start":{"line":60,"column":8},"end":{"line":60,"column":30}},"15":{"start":{"line":62,"column":8},"end":{"line":62,"column":42}},"16":{"start":{"line":53,"column":13},"end":{"line":53,"column":40}},"17":{"start":{"line":76,"column":46},"end":{"line":84,"column":1}},"18":{"start":{"line":77,"column":4},"end":{"line":83,"column":5}},"19":{"start":{"line":78,"column":26},"end":{"line":78,"column":56}},"20":{"start":{"line":79,"column":25},"end":{"line":79,"column":62}},"21":{"start":{"line":80,"column":8},"end":{"line":80,"column":31}},"22":{"start":{"line":82,"column":8},"end":{"line":82,"column":42}},"23":{"start":{"line":76,"column":13},"end":{"line":76,"column":46}},"24":{"start":{"line":96,"column":39},"end":{"line":107,"column":1}},"25":{"start":{"line":97,"column":4},"end":{"line":106,"column":5}},"26":{"start":{"line":98,"column":28},"end":{"line":98,"column":36}},"27":{"start":{"line":99,"column":24},"end":{"line":99,"column":56}},"28":{"start":{"line":100,"column":8},"end":{"line":103,"column":11}},"29":{"start":{"line":105,"column":8},"end":{"line":105,"column":42}},"30":{"start":{"line":96,"column":13},"end":{"line":96,"column":39}},"31":{"start":{"line":120,"column":39},"end":{"line":135,"column":1}},"32":{"start":{"line":121,"column":4},"end":{"line":134,"column":5}},"33":{"start":{"line":122,"column":26},"end":{"line":122,"column":49}},"34":{"start":{"line":123,"column":28},"end":{"line":123,"column":36}},"35":{"start":{"line":124,"column":24},"end":{"line":124,"column":67}},"36":{"start":{"line":125,"column":8},"end":{"line":127,"column":9}},"37":{"start":{"line":126,"column":12},"end":{"line":126,"column":74}},"38":{"start":{"line":128,"column":8},"end":{"line":131,"column":11}},"39":{"start":{"line":133,"column":8},"end":{"line":133,"column":42}},"40":{"start":{"line":120,"column":13},"end":{"line":120,"column":39}},"41":{"start":{"line":149,"column":39},"end":{"line":160,"column":1}},"42":{"start":{"line":150,"column":4},"end":{"line":159,"column":5}},"43":{"start":{"line":151,"column":26},"end":{"line":151,"column":49}},"44":{"start":{"line":152,"column":24},"end":{"line":152,"column":54}},"45":{"start":{"line":153,"column":8},"end":{"line":155,"column":9}},"46":{"start":{"line":154,"column":12},"end":{"line":154,"column":74}},"47":{"start":{"line":156,"column":8},"end":{"line":156,"column":62}},"48":{"start":{"line":158,"column":8},"end":{"line":158,"column":42}},"49":{"start":{"line":149,"column":13},"end":{"line":149,"column":39}}},"fnMap":{"0":{"name":"(anonymous_0)","decl":{"start":{"line":34,"column":40},"end":{"line":34,"column":45}},"loc":{"start":{"line":34,"column":78},"end":{"line":41,"column":1}}},"1":{"name":"(anonymous_1)","decl":{"start":{"line":53,"column":40},"end":{"line":53,"column":45}},"loc":{"start":{"line":53,"column":78},"end":{"line":64,"column":1}}},"2":{"name":"(anonymous_2)","decl":{"start":{"line":76,"column":46},"end":{"line":76,"column":51}},"loc":{"start":{"line":76,"column":84},"end":{"line":84,"column":1}}},"3":{"name":"(anonymous_3)","decl":{"start":{"line":96,"column":39},"end":{"line":96,"column":44}},"loc":{"start":{"line":96,"column":77},"end":{"line":107,"column":1}}},"4":{"name":"(anonymous_4)","decl":{"start":{"line":120,"column":39},"end":{"line":120,"column":44}},"loc":{"start":{"line":120,"column":77},"end":{"line":135,"column":1}}},"5":{"name":"(anonymous_5)","decl":{"start":{"line":149,"column":39},"end":{"line":149,"column":44}},"loc":{"start":{"line":149,"column":77},"end":{"line":160,"column":1}}}},"branchMap":{"0":{"loc":{"start":{"line":57,"column":8},"end":{"line":59,"column":9}},"type":"if","locations":[{"start":{"line":57,"column":8},"end":{"line":59,"column":9}},{"start":{},"end":{}}]},"1":{"loc":{"start":{"line":125,"column":8},"end":{"line":127,"column":9}},"type":"if","locations":[{"start":{"line":125,"column":8},"end":{"line":127,"column":9}},{"start":{},"end":{}}]},"2":{"loc":{"start":{"line":153,"column":8},"end":{"line":155,"column":9}},"type":"if","locations":[{"start":{"line":153,"column":8},"end":{"line":155,"column":9}},{"start":{},"end":{}}]}},"s":{"0":0,"1":0,"2":0,"3":0,"4":0,"5":0,"6":0,"7":0,"8":0,"9":0,"10":0,"11":0,"12":0,"13":0,"14":0,"15":0,"16":0,"17":0,"18":0,"19":0,"20":0,"21":0,"22":0,"23":0,"24":0,"25":0,"26":0,"27":0,"28":0,"29":0,"30":0,"31":0,"32":0,"33":0,"34":0,"35":0,"36":0,"37":0,"38":0,"39":0,"40":0,"41":0,"42":0,"43":0,"44":0,"45":0,"46":0,"47":0,"48":0,"49":0},"f":{"0":0,"1":0,"2":0,"3":0,"4":0,"5":0},"b":{"0":[0,0],"1":[0,0],"2":[0,0]}}
,"C:\\Users\\ADMIN\\Desktop\\Teach2Give\\Week8\\fullstack\\bug-tracker2\\src\\controllers\\user.controller.ts": {"path":"C:\\Users\\ADMIN\\Desktop\\Teach2Give\\Week8\\fullstack\\bug-tracker2\\src\\controllers\\user.controller.ts","statementMap":{"0":{"start":{"line":2,"column":0},"end":{"line":2,"column":null}},"1":{"start":{"line":11,"column":0},"end":{"line":11,"column":62}},"2":{"start":{"line":14,"column":36},"end":{"line":20,"column":1}},"3":{"start":{"line":15,"column":4},"end":{"line":19,"column":5}},"4":{"start":{"line":16,"column":8},"end":{"line":16,"column":35}},"5":{"start":{"line":18,"column":8},"end":{"line":18,"column":42}},"6":{"start":{"line":14,"column":13},"end":{"line":14,"column":36}},"7":{"start":{"line":23,"column":35},"end":{"line":29,"column":1}},"8":{"start":{"line":24,"column":4},"end":{"line":28,"column":5}},"9":{"start":{"line":25,"column":8},"end":{"line":25,"column":34}},"10":{"start":{"line":27,"column":8},"end":{"line":27,"column":42}},"11":{"start":{"line":23,"column":13},"end":{"line":23,"column":35}},"12":{"start":{"line":32,"column":40},"end":{"line":38,"column":1}},"13":{"start":{"line":33,"column":4},"end":{"line":37,"column":5}},"14":{"start":{"line":34,"column":8},"end":{"line":34,"column":39}},"15":{"start":{"line":36,"column":8},"end":{"line":36,"column":42}},"16":{"start":{"line":32,"column":13},"end":{"line":32,"column":40}},"17":{"start":{"line":41,"column":43},"end":{"line":47,"column":1}},"18":{"start":{"line":42,"column":4},"end":{"line":46,"column":5}},"19":{"start":{"line":43,"column":8},"end":{"line":43,"column":42}},"20":{"start":{"line":45,"column":8},"end":{"line":45,"column":42}},"21":{"start":{"line":41,"column":13},"end":{"line":41,"column":43}},"22":{"start":{"line":50,"column":37},"end":{"line":56,"column":1}},"23":{"start":{"line":51,"column":4},"end":{"line":55,"column":5}},"24":{"start":{"line":52,"column":8},"end":{"line":52,"column":36}},"25":{"start":{"line":54,"column":8},"end":{"line":54,"column":42}},"26":{"start":{"line":50,"column":13},"end":{"line":50,"column":37}},"27":{"start":{"line":59,"column":36},"end":{"line":65,"column":1}},"28":{"start":{"line":60,"column":4},"end":{"line":64,"column":5}},"29":{"start":{"line":61,"column":8},"end":{"line":61,"column":35}},"30":{"start":{"line":63,"column":8},"end":{"line":63,"column":42}},"31":{"start":{"line":59,"column":13},"end":{"line":59,"column":36}},"32":{"start":{"line":68,"column":40},"end":{"line":74,"column":1}},"33":{"start":{"line":69,"column":4},"end":{"line":73,"column":5}},"34":{"start":{"line":70,"column":8},"end":{"line":70,"column":39}},"35":{"start":{"line":72,"column":8},"end":{"line":72,"column":42}},"36":{"start":{"line":68,"column":13},"end":{"line":68,"column":40}}},"fnMap":{"0":{"name":"(anonymous_0)","decl":{"start":{"line":14,"column":36},"end":{"line":14,"column":41}},"loc":{"start":{"line":14,"column":74},"end":{"line":20,"column":1}}},"1":{"name":"(anonymous_1)","decl":{"start":{"line":23,"column":35},"end":{"line":23,"column":40}},"loc":{"start":{"line":23,"column":73},"end":{"line":29,"column":1}}},"2":{"name":"(anonymous_2)","decl":{"start":{"line":32,"column":40},"end":{"line":32,"column":45}},"loc":{"start":{"line":32,"column":78},"end":{"line":38,"column":1}}},"3":{"name":"(anonymous_3)","decl":{"start":{"line":41,"column":43},"end":{"line":41,"column":48}},"loc":{"start":{"line":41,"column":81},"end":{"line":47,"column":1}}},"4":{"name":"(anonymous_4)","decl":{"start":{"line":50,"column":37},"end":{"line":50,"column":42}},"loc":{"start":{"line":50,"column":75},"end":{"line":56,"column":1}}},"5":{"name":"(anonymous_5)","decl":{"start":{"line":59,"column":36},"end":{"line":59,"column":41}},"loc":{"start":{"line":59,"column":74},"end":{"line":65,"column":1}}},"6":{"name":"(anonymous_6)","decl":{"start":{"line":68,"column":40},"end":{"line":68,"column":45}},"loc":{"start":{"line":68,"column":78},"end":{"line":74,"column":1}}}},"branchMap":{},"s":{"0":0,"1":0,"2":0,"3":0,"4":0,"5":0,"6":0,"7":0,"8":0,"9":0,"10":0,"11":0,"12":0,"13":0,"14":0,"15":0,"16":0,"17":0,"18":0,"19":0,"20":0,"21":0,"22":0,"23":0,"24":0,"25":0,"26":0,"27":0,"28":0,"29":0,"30":0,"31":0,"32":0,"33":0,"34":0,"35":0,"36":0},"f":{"0":0,"1":0,"2":0,"3":0,"4":0,"5":0,"6":0},"b":{}}
,"C:\\Users\\ADMIN\\Desktop\\Teach2Give\\Week8\\fullstack\\bug-tracker2\\src\\middleware\\auth.middleware.ts": {"path":"C:\\Users\\ADMIN\\Desktop\\Teach2Give\\Week8\\fullstack\\bug-tracker2\\src\\middleware\\auth.middleware.ts","statementMap":{"0":{"start":{"line":1,"column":0},"end":{"line":1,"column":31}},"1":{"start":{"line":3,"column":0},"end":{"line":3,"column":67}},"2":{"start":{"line":19,"column":33},"end":{"line":56,"column":1}},"3":{"start":{"line":20,"column":4},"end":{"line":55,"column":5}},"4":{"start":{"line":21,"column":27},"end":{"line":21,"column":55}},"5":{"start":{"line":22,"column":22},"end":{"line":22,"column":60}},"6":{"start":{"line":24,"column":8},"end":{"line":26,"column":9}},"7":{"start":{"line":25,"column":12},"end":{"line":25,"column":78}},"8":{"start":{"line":29,"column":24},"end":{"line":29,"column":93}},"9":{"start":{"line":32,"column":21},"end":{"line":32,"column":69}},"10":{"start":{"line":33,"column":8},"end":{"line":35,"column":9}},"11":{"start":{"line":34,"column":12},"end":{"line":34,"column":78}},"12":{"start":{"line":38,"column":8},"end":{"line":42,"column":10}},"13":{"start":{"line":44,"column":8},"end":{"line":44,"column":15}},"14":{"start":{"line":46,"column":8},"end":{"line":46,"column":54}},"15":{"start":{"line":48,"column":8},"end":{"line":52,"column":9}},"16":{"start":{"line":49,"column":12},"end":{"line":49,"column":70}},"17":{"start":{"line":50,"column":15},"end":{"line":52,"column":9}},"18":{"start":{"line":51,"column":12},"end":{"line":51,"column":70}},"19":{"start":{"line":54,"column":8},"end":{"line":54,"column":74}},"20":{"start":{"line":19,"column":13},"end":{"line":19,"column":33}},"21":{"start":{"line":59,"column":29},"end":{"line":75,"column":1}},"22":{"start":{"line":60,"column":4},"end":{"line":74,"column":6}},"23":{"start":{"line":61,"column":8},"end":{"line":63,"column":9}},"24":{"start":{"line":62,"column":12},"end":{"line":62,"column":80}},"25":{"start":{"line":65,"column":8},"end":{"line":71,"column":9}},"26":{"start":{"line":66,"column":12},"end":{"line":70,"column":15}},"27":{"start":{"line":73,"column":8},"end":{"line":73,"column":15}},"28":{"start":{"line":59,"column":13},"end":{"line":59,"column":29}},"29":{"start":{"line":78,"column":13},"end":{"line":78,"column":72}},"30":{"start":{"line":81,"column":13},"end":{"line":81,"column":47}},"31":{"start":{"line":84,"column":28},"end":{"line":108,"column":1}},"32":{"start":{"line":85,"column":4},"end":{"line":107,"column":5}},"33":{"start":{"line":86,"column":27},"end":{"line":86,"column":55}},"34":{"start":{"line":87,"column":22},"end":{"line":87,"column":60}},"35":{"start":{"line":89,"column":8},"end":{"line":100,"column":9}},"36":{"start":{"line":90,"column":28},"end":{"line":90,"column":97}},"37":{"start":{"line":92,"column":25},"end":{"line":92,"column":73}},"38":{"start":{"line":93,"column":12},"end":{"line":99,"column":13}},"39":{"start":{"line":94,"column":16},"end":{"line":98,"column":18}},"40":{"start":{"line":102,"column":8},"end":{"line":102,"column":15}},"41":{"start":{"line":105,"column":8},"end":{"line":105,"column":77}},"42":{"start":{"line":106,"column":8},"end":{"line":106,"column":15}},"43":{"start":{"line":84,"column":13},"end":{"line":84,"column":28}}},"fnMap":{"0":{"name":"(anonymous_1)","decl":{"start":{"line":19,"column":33},"end":{"line":19,"column":38}},"loc":{"start":{"line":19,"column":87},"end":{"line":56,"column":1}}},"1":{"name":"(anonymous_2)","decl":{"start":{"line":59,"column":29},"end":{"line":59,"column":30}},"loc":{"start":{"line":59,"column":59},"end":{"line":75,"column":1}}},"2":{"name":"(anonymous_3)","decl":{"start":{"line":60,"column":11},"end":{"line":60,"column":12}},"loc":{"start":{"line":60,"column":59},"end":{"line":74,"column":5}}},"3":{"name":"(anonymous_4)","decl":{"start":{"line":84,"column":28},"end":{"line":84,"column":33}},"loc":{"start":{"line":84,"column":82},"end":{"line":108,"column":1}}}},"branchMap":{"0":{"loc":{"start":{"line":22,"column":22},"end":{"line":22,"column":60}},"type":"binary-expr","locations":[{"start":{"line":22,"column":22},"end":{"line":22,"column":32}},{"start":{"line":22,"column":36},"end":{"line":22,"column":60}}]},"1":{"loc":{"start":{"line":24,"column":8},"end":{"line":26,"column":9}},"type":"if","locations":[{"start":{"line":24,"column":8},"end":{"line":26,"column":9}},{"start":{},"end":{}}]},"2":{"loc":{"start":{"line":29,"column":42},"end":{"line":29,"column":85}},"type":"binary-expr","locations":[{"start":{"line":29,"column":42},"end":{"line":29,"column":64}},{"start":{"line":29,"column":68},"end":{"line":29,"column":85}}]},"3":{"loc":{"start":{"line":33,"column":8},"end":{"line":35,"column":9}},"type":"if","locations":[{"start":{"line":33,"column":8},"end":{"line":35,"column":9}},{"start":{},"end":{}}]},"4":{"loc":{"start":{"line":48,"column":8},"end":{"line":52,"column":9}},"type":"if","locations":[{"start":{"line":48,"column":8},"end":{"line":52,"column":9}},{"start":{"line":50,"column":15},"end":{"line":52,"column":9}}]},"5":{"loc":{"start":{"line":50,"column":15},"end":{"line":52,"column":9}},"type":"if","locations":[{"start":{"line":50,"column":15},"end":{"line":52,"column":9}},{"start":{},"end":{}}]},"6":{"loc":{"start":{"line":61,"column":8},"end":{"line":63,"column":9}},"type":"if","locations":[{"start":{"line":61,"column":8},"end":{"line":63,"column":9}},{"start":{},"end":{}}]},"7":{"loc":{"start":{"line":65,"column":8},"end":{"line":71,"column":9}},"type":"if","locations":[{"start":{"line":65,"column":8},"end":{"line":71,"column":9}},{"start":{},"end":{}}]},"8":{"loc":{"start":{"line":87,"column":22},"end":{"line":87,"column":60}},"type":"binary-expr","locations":[{"start":{"line":87,"column":22},"end":{"line":87,"column":32}},{"start":{"line":87,"column":36},"end":{"line":87,"column":60}}]},"9":{"loc":{"start":{"line":89,"column":8},"end":{"line":100,"column":9}},"type":"if","locations":[{"start":{"line":89,"column":8},"end":{"line":100,"column":9}},{"start":{},"end":{}}]},"10":{"loc":{"start":{"line":90,"column":46},"end":{"line":90,"column":89}},"type":"binary-expr","locations":[{"start":{"line":90,"column":46},"end":{"line":90,"column":68}},{"start":{"line":90,"column":72},"end":{"line":90,"column":89}}]},"11":{"loc":{"start":{"line":93,"column":12},"end":{"line":99,"column":13}},"type":"if","locations":[{"start":{"line":93,"column":12},"end":{"line":99,"column":13}},{"start":{},"end":{}}]}},"s":{"0":0,"1":0,"2":0,"3":0,"4":0,"5":0,"6":0,"7":0,"8":0,"9":0,"10":0,"11":0,"12":0,"13":0,"14":0,"15":0,"16":0,"17":0,"18":0,"19":0,"20":0,"21":0,"22":0,"23":0,"24":0,"25":0,"26":0,"27":0,"28":0,"29":0,"30":0,"31":0,"32":0,"33":0,"34":0,"35":0,"36":0,"37":0,"38":0,"39":0,"40":0,"41":0,"42":0,"43":0},"f":{"0":0,"1":0,"2":0,"3":0},"b":{"0":[0,0],"1":[0,0],"2":[0,0],"3":[0,0],"4":[0,0],"5":[0,0],"6":[0,0],"7":[0,0],"8":[0,0],"9":[0,0],"10":[0,0],"11":[0,0]}}
,"C:\\Users\\ADMIN\\Desktop\\Teach2Give\\Week8\\fullstack\\bug-tracker2\\src\\repositories\\bugs.repositories.ts": {"path":"C:\\Users\\ADMIN\\Desktop\\Teach2Give\\Week8\\fullstack\\bug-tracker2\\src\\repositories\\bugs.repositories.ts","statementMap":{"0":{"start":{"line":1,"column":0},"end":{"line":1,"column":42}},"1":{"start":{"line":8,"column":4},"end":{"line":15,"column":5}},"2":{"start":{"line":9,"column":25},"end":{"line":9,"column":40}},"3":{"start":{"line":10,"column":21},"end":{"line":10,"column":83}},"4":{"start":{"line":11,"column":6},"end":{"line":11,"column":25}},"5":{"start":{"line":13,"column":6},"end":{"line":13,"column":51}},"6":{"start":{"line":14,"column":6},"end":{"line":14,"column":18}},"7":{"start":{"line":20,"column":4},"end":{"line":27,"column":5}},"8":{"start":{"line":21,"column":25},"end":{"line":21,"column":40}},"9":{"start":{"line":22,"column":21},"end":{"line":22,"column":85}},"10":{"start":{"line":23,"column":6},"end":{"line":23,"column":36}},"11":{"start":{"line":25,"column":6},"end":{"line":25,"column":56}},"12":{"start":{"line":26,"column":6},"end":{"line":26,"column":18}},"13":{"start":{"line":32,"column":4},"end":{"line":39,"column":5}},"14":{"start":{"line":33,"column":25},"end":{"line":33,"column":40}},"15":{"start":{"line":34,"column":21},"end":{"line":34,"column":117}},"16":{"start":{"line":35,"column":6},"end":{"line":35,"column":25}},"17":{"start":{"line":37,"column":6},"end":{"line":37,"column":62}},"18":{"start":{"line":38,"column":6},"end":{"line":38,"column":18}},"19":{"start":{"line":44,"column":4},"end":{"line":51,"column":5}},"20":{"start":{"line":45,"column":25},"end":{"line":45,"column":40}},"21":{"start":{"line":46,"column":21},"end":{"line":46,"column":119}},"22":{"start":{"line":47,"column":6},"end":{"line":47,"column":25}},"23":{"start":{"line":49,"column":6},"end":{"line":49,"column":63}},"24":{"start":{"line":50,"column":6},"end":{"line":50,"column":18}},"25":{"start":{"line":56,"column":4},"end":{"line":63,"column":5}},"26":{"start":{"line":57,"column":25},"end":{"line":57,"column":40}},"27":{"start":{"line":58,"column":21},"end":{"line":58,"column":119}},"28":{"start":{"line":59,"column":6},"end":{"line":59,"column":25}},"29":{"start":{"line":61,"column":6},"end":{"line":61,"column":63}},"30":{"start":{"line":62,"column":6},"end":{"line":62,"column":18}},"31":{"start":{"line":68,"column":4},"end":{"line":75,"column":5}},"32":{"start":{"line":69,"column":25},"end":{"line":69,"column":40}},"33":{"start":{"line":70,"column":21},"end":{"line":70,"column":111}},"34":{"start":{"line":71,"column":6},"end":{"line":71,"column":25}},"35":{"start":{"line":73,"column":6},"end":{"line":73,"column":61}},"36":{"start":{"line":74,"column":6},"end":{"line":74,"column":18}},"37":{"start":{"line":80,"column":4},"end":{"line":90,"column":5}},"38":{"start":{"line":81,"column":25},"end":{"line":81,"column":40}},"39":{"start":{"line":82,"column":21},"end":{"line":84,"column":null}},"40":{"start":{"line":86,"column":6},"end":{"line":86,"column":28}},"41":{"start":{"line":88,"column":6},"end":{"line":88,"column":50}},"42":{"start":{"line":89,"column":6},"end":{"line":89,"column":18}},"43":{"start":{"line":95,"column":4},"end":{"line":140,"column":5}},"44":{"start":{"line":96,"column":37},"end":{"line":96,"column":39}},"45":{"start":{"line":97,"column":28},"end":{"line":97,"column":30}},"46":{"start":{"line":98,"column":23},"end":{"line":98,"column":24}},"47":{"start":{"line":100,"column":6},"end":{"line":103,"column":7}},"48":{"start":{"line":101,"column":8},"end":{"line":101,"column":54}},"49":{"start":{"line":102,"column":8},"end":{"line":102,"column":35}},"50":{"start":{"line":104,"column":6},"end":{"line":107,"column":7}},"51":{"start":{"line":105,"column":8},"end":{"line":105,"column":60}},"52":{"start":{"line":106,"column":8},"end":{"line":106,"column":41}},"53":{"start":{"line":108,"column":6},"end":{"line":111,"column":7}},"54":{"start":{"line":109,"column":8},"end":{"line":109,"column":55}},"55":{"start":{"line":110,"column":8},"end":{"line":110,"column":36}},"56":{"start":{"line":112,"column":6},"end":{"line":115,"column":7}},"57":{"start":{"line":113,"column":8},"end":{"line":113,"column":57}},"58":{"start":{"line":114,"column":8},"end":{"line":114,"column":38}},"59":{"start":{"line":116,"column":6},"end":{"line":119,"column":7}},"60":{"start":{"line":117,"column":8},"end":{"line":117,"column":59}},"61":{"start":{"line":118,"column":8},"end":{"line":118,"column":40}},"62":{"start":{"line":121,"column":6},"end":{"line":123,"column":7}},"63":{"start":{"line":122,"column":8},"end":{"line":122,"column":47}},"64":{"start":{"line":125,"column":6},"end":{"line":125,"column":25}},"65":{"start":{"line":127,"column":20},"end":{"line":132,"column":8}},"66":{"start":{"line":134,"column":25},"end":{"line":134,"column":40}},"67":{"start":{"line":135,"column":21},"end":{"line":135,"column":52}},"68":{"start":{"line":136,"column":6},"end":{"line":136,"column":36}},"69":{"start":{"line":138,"column":6},"end":{"line":138,"column":50}},"70":{"start":{"line":139,"column":6},"end":{"line":139,"column":18}},"71":{"start":{"line":145,"column":4},"end":{"line":152,"column":5}},"72":{"start":{"line":146,"column":25},"end":{"line":146,"column":40}},"73":{"start":{"line":147,"column":21},"end":{"line":147,"column":83}},"74":{"start":{"line":148,"column":6},"end":{"line":148,"column":40}},"75":{"start":{"line":150,"column":6},"end":{"line":150,"column":50}},"76":{"start":{"line":151,"column":6},"end":{"line":151,"column":18}},"77":{"start":{"line":5,"column":0},"end":{"line":5,"column":13}}},"fnMap":{"0":{"name":"(anonymous_0)","decl":{"start":{"line":7,"column":2},"end":{"line":7,"column":8}},"loc":{"start":{"line":7,"column":25},"end":{"line":16,"column":3}}},"1":{"name":"(anonymous_1)","decl":{"start":{"line":19,"column":2},"end":{"line":19,"column":8}},"loc":{"start":{"line":19,"column":39},"end":{"line":28,"column":3}}},"2":{"name":"(anonymous_2)","decl":{"start":{"line":31,"column":2},"end":{"line":31,"column":8}},"loc":{"start":{"line":31,"column":49},"end":{"line":40,"column":3}}},"3":{"name":"(anonymous_3)","decl":{"start":{"line":43,"column":2},"end":{"line":43,"column":8}},"loc":{"start":{"line":43,"column":51},"end":{"line":52,"column":3}}},"4":{"name":"(anonymous_4)","decl":{"start":{"line":55,"column":2},"end":{"line":55,"column":8}},"loc":{"start":{"line":55,"column":51},"end":{"line":64,"column":3}}},"5":{"name":"(anonymous_5)","decl":{"start":{"line":67,"column":2},"end":{"line":67,"column":8}},"loc":{"start":{"line":67,"column":45},"end":{"line":76,"column":3}}},"6":{"name":"(anonymous_6)","decl":{"start":{"line":79,"column":2},"end":{"line":79,"column":8}},"loc":{"start":{"line":79,"column":43},"end":{"line":91,"column":3}}},"7":{"name":"(anonymous_7)","decl":{"start":{"line":94,"column":2},"end":{"line":94,"column":8}},"loc":{"start":{"line":94,"column":58},"end":{"line":141,"column":3}}},"8":{"name":"(anonymous_8)","decl":{"start":{"line":144,"column":2},"end":{"line":144,"column":8}},"loc":{"start":{"line":144,"column":38},"end":{"line":153,"column":3}}}},"branchMap":{"0":{"loc":{"start":{"line":23,"column":13},"end":{"line":23,"column":35}},"type":"binary-expr","locations":[{"start":{"line":23,"column":13},"end":{"line":23,"column":27}},{"start":{"line":23,"column":31},"end":{"line":23,"column":35}}]},"1":{"loc":{"start":{"line":84,"column":24},"end":{"line":84,"column":51}},"type":"binary-expr","locations":[{"start":{"line":84,"column":24},"end":{"line":84,"column":43}},{"start":{"line":84,"column":47},"end":{"line":84,"column":51}}]},"2":{"loc":{"start":{"line":84,"column":53},"end":{"line":84,"column":77}},"type":"binary-expr","locations":[{"start":{"line":84,"column":53},"end":{"line":84,"column":67}},{"start":{"line":84,"column":71},"end":{"line":84,"column":77}}]},"3":{"loc":{"start":{"line":84,"column":79},"end":{"line":84,"column":107}},"type":"binary-expr","locations":[{"start":{"line":84,"column":79},"end":{"line":84,"column":95}},{"start":{"line":84,"column":99},"end":{"line":84,"column":107}}]},"4":{"loc":{"start":{"line":84,"column":128},"end":{"line":84,"column":154}},"type":"binary-expr","locations":[{"start":{"line":84,"column":128},"end":{"line":84,"column":146}},{"start":{"line":84,"column":150},"end":{"line":84,"column":154}}]},"5":{"loc":{"start":{"line":84,"column":156},"end":{"line":84,"column":182}},"type":"binary-expr","locations":[{"start":{"line":84,"column":156},"end":{"line":84,"column":174}},{"start":{"line":84,"column":178},"end":{"line":84,"column":182}}]},"6":{"loc":{"start":{"line":100,"column":6},"end":{"line":103,"column":7}},"type":"if","locations":[{"start":{"line":100,"column":6},"end":{"line":103,"column":7}},{"start":{},"end":{}}]},"7":{"loc":{"start":{"line":104,"column":6},"end":{"line":107,"column":7}},"type":"if","locations":[{"start":{"line":104,"column":6},"end":{"line":107,"column":7}},{"start":{},"end":{}}]},"8":{"loc":{"start":{"line":108,"column":6},"end":{"line":111,"column":7}},"type":"if","locations":[{"start":{"line":108,"column":6},"end":{"line":111,"column":7}},{"start":{},"end":{}}]},"9":{"loc":{"start":{"line":112,"column":6},"end":{"line":115,"column":7}},"type":"if","locations":[{"start":{"line":112,"column":6},"end":{"line":115,"column":7}},{"start":{},"end":{}}]},"10":{"loc":{"start":{"line":116,"column":6},"end":{"line":119,"column":7}},"type":"if","locations":[{"start":{"line":116,"column":6},"end":{"line":119,"column":7}},{"start":{},"end":{}}]},"11":{"loc":{"start":{"line":121,"column":6},"end":{"line":123,"column":7}},"type":"if","locations":[{"start":{"line":121,"column":6},"end":{"line":123,"column":7}},{"start":{},"end":{}}]},"12":{"loc":{"start":{"line":136,"column":13},"end":{"line":136,"column":35}},"type":"binary-expr","locations":[{"start":{"line":136,"column":13},"end":{"line":136,"column":27}},{"start":{"line":136,"column":31},"end":{"line":136,"column":35}}]},"13":{"loc":{"start":{"line":148,"column":14},"end":{"line":148,"column":34}},"type":"binary-expr","locations":[{"start":{"line":148,"column":14},"end":{"line":148,"column":29}},{"start":{"line":148,"column":33},"end":{"line":148,"column":34}}]}},"s":{"0":2,"1":0,"2":0,"3":0,"4":0,"5":0,"6":0,"7":0,"8":0,"9":0,"10":0,"11":0,"12":0,"13":0,"14":0,"15":0,"16":0,"17":0,"18":0,"19":0,"20":0,"21":0,"22":0,"23":0,"24":0,"25":0,"26":0,"27":0,"28":0,"29":0,"30":0,"31":0,"32":0,"33":0,"34":0,"35":0,"36":0,"37":0,"38":0,"39":0,"40":0,"41":0,"42":0,"43":0,"44":0,"45":0,"46":0,"47":0,"48":0,"49":0,"50":0,"51":0,"52":0,"53":0,"54":0,"55":0,"56":0,"57":0,"58":0,"59":0,"60":0,"61":0,"62":0,"63":0,"64":0,"65":0,"66":0,"67":0,"68":0,"69":0,"70":0,"71":0,"72":0,"73":0,"74":0,"75":0,"76":0,"77":2},"f":{"0":0,"1":0,"2":0,"3":0,"4":0,"5":0,"6":0,"7":0,"8":0},"b":{"0":[0,0],"1":[0,0],"2":[0,0],"3":[0,0],"4":[0,0],"5":[0,0],"6":[0,0],"7":[0,0],"8":[0,0],"9":[0,0],"10":[0,0],"11":[0,0],"12":[0,0],"13":[0,0]}}
,"C:\\Users\\ADMIN\\Desktop\\Teach2Give\\Week8\\fullstack\\bug-tracker2\\src\\repositories\\comments.repositories.ts": {"path":"C:\\Users\\ADMIN\\Desktop\\Teach2Give\\Week8\\fullstack\\bug-tracker2\\src\\repositories\\comments.repositories.ts","statementMap":{"0":{"start":{"line":1,"column":0},"end":{"line":1,"column":42}},"1":{"start":{"line":8,"column":4},"end":{"line":15,"column":5}},"2":{"start":{"line":9,"column":25},"end":{"line":9,"column":40}},"3":{"start":{"line":10,"column":21},"end":{"line":10,"column":87}},"4":{"start":{"line":11,"column":6},"end":{"line":11,"column":25}},"5":{"start":{"line":13,"column":6},"end":{"line":13,"column":55}},"6":{"start":{"line":14,"column":6},"end":{"line":14,"column":18}},"7":{"start":{"line":20,"column":4},"end":{"line":27,"column":5}},"8":{"start":{"line":21,"column":25},"end":{"line":21,"column":40}},"9":{"start":{"line":22,"column":21},"end":{"line":22,"column":97}},"10":{"start":{"line":23,"column":6},"end":{"line":23,"column":36}},"11":{"start":{"line":25,"column":6},"end":{"line":25,"column":60}},"12":{"start":{"line":26,"column":6},"end":{"line":26,"column":18}},"13":{"start":{"line":32,"column":4},"end":{"line":39,"column":5}},"14":{"start":{"line":33,"column":25},"end":{"line":33,"column":40}},"15":{"start":{"line":34,"column":21},"end":{"line":34,"column":112}},"16":{"start":{"line":35,"column":6},"end":{"line":35,"column":25}},"17":{"start":{"line":37,"column":6},"end":{"line":37,"column":62}},"18":{"start":{"line":38,"column":6},"end":{"line":38,"column":18}},"19":{"start":{"line":44,"column":4},"end":{"line":51,"column":5}},"20":{"start":{"line":45,"column":25},"end":{"line":45,"column":40}},"21":{"start":{"line":46,"column":21},"end":{"line":46,"column":115}},"22":{"start":{"line":47,"column":6},"end":{"line":47,"column":25}},"23":{"start":{"line":49,"column":6},"end":{"line":49,"column":63}},"24":{"start":{"line":50,"column":6},"end":{"line":50,"column":18}},"25":{"start":{"line":56,"column":4},"end":{"line":66,"column":5}},"26":{"start":{"line":57,"column":25},"end":{"line":57,"column":40}},"27":{"start":{"line":58,"column":21},"end":{"line":60,"column":null}},"28":{"start":{"line":62,"column":6},"end":{"line":62,"column":28}},"29":{"start":{"line":64,"column":6},"end":{"line":64,"column":54}},"30":{"start":{"line":65,"column":6},"end":{"line":65,"column":18}},"31":{"start":{"line":71,"column":4},"end":{"line":85,"column":5}},"32":{"start":{"line":72,"column":6},"end":{"line":74,"column":7}},"33":{"start":{"line":73,"column":8},"end":{"line":73,"column":63}},"34":{"start":{"line":76,"column":25},"end":{"line":76,"column":40}},"35":{"start":{"line":77,"column":21},"end":{"line":79,"column":null}},"36":{"start":{"line":81,"column":6},"end":{"line":81,"column":36}},"37":{"start":{"line":83,"column":6},"end":{"line":83,"column":54}},"38":{"start":{"line":84,"column":6},"end":{"line":84,"column":18}},"39":{"start":{"line":90,"column":4},"end":{"line":97,"column":5}},"40":{"start":{"line":91,"column":25},"end":{"line":91,"column":40}},"41":{"start":{"line":92,"column":21},"end":{"line":92,"column":95}},"42":{"start":{"line":93,"column":6},"end":{"line":93,"column":40}},"43":{"start":{"line":95,"column":6},"end":{"line":95,"column":54}},"44":{"start":{"line":96,"column":6},"end":{"line":96,"column":18}},"45":{"start":{"line":102,"column":4},"end":{"line":109,"column":5}},"46":{"start":{"line":103,"column":25},"end":{"line":103,"column":40}},"47":{"start":{"line":104,"column":21},"end":{"line":104,"column":87}},"48":{"start":{"line":105,"column":6},"end":{"line":105,"column":34}},"49":{"start":{"line":107,"column":6},"end":{"line":107,"column":62}},"50":{"start":{"line":108,"column":6},"end":{"line":108,"column":18}},"51":{"start":{"line":5,"column":0},"end":{"line":5,"column":13}}},"fnMap":{"0":{"name":"(anonymous_0)","decl":{"start":{"line":7,"column":2},"end":{"line":7,"column":8}},"loc":{"start":{"line":7,"column":29},"end":{"line":16,"column":3}}},"1":{"name":"(anonymous_1)","decl":{"start":{"line":19,"column":2},"end":{"line":19,"column":8}},"loc":{"start":{"line":19,"column":47},"end":{"line":28,"column":3}}},"2":{"name":"(anonymous_2)","decl":{"start":{"line":31,"column":2},"end":{"line":31,"column":8}},"loc":{"start":{"line":31,"column":45},"end":{"line":40,"column":3}}},"3":{"name":"(anonymous_3)","decl":{"start":{"line":43,"column":2},"end":{"line":43,"column":8}},"loc":{"start":{"line":43,"column":47},"end":{"line":52,"column":3}}},"4":{"name":"(anonymous_4)","decl":{"start":{"line":55,"column":2},"end":{"line":55,"column":8}},"loc":{"start":{"line":55,"column":55},"end":{"line":67,"column":3}}},"5":{"name":"(anonymous_5)","decl":{"start":{"line":70,"column":2},"end":{"line":70,"column":8}},"loc":{"start":{"line":70,"column":74},"end":{"line":86,"column":3}}},"6":{"name":"(anonymous_6)","decl":{"start":{"line":89,"column":2},"end":{"line":89,"column":8}},"loc":{"start":{"line":89,"column":46},"end":{"line":98,"column":3}}},"7":{"name":"(anonymous_7)","decl":{"start":{"line":101,"column":2},"end":{"line":101,"column":8}},"loc":{"start":{"line":101,"column":48},"end":{"line":110,"column":3}}}},"branchMap":{"0":{"loc":{"start":{"line":23,"column":13},"end":{"line":23,"column":35}},"type":"binary-expr","locations":[{"start":{"line":23,"column":13},"end":{"line":23,"column":27}},{"start":{"line":23,"column":31},"end":{"line":23,"column":35}}]},"1":{"loc":{"start":{"line":72,"column":6},"end":{"line":74,"column":7}},"type":"if","locations":[{"start":{"line":72,"column":6},"end":{"line":74,"column":7}},{"start":{},"end":{}}]},"2":{"loc":{"start":{"line":81,"column":13},"end":{"line":81,"column":35}},"type":"binary-expr","locations":[{"start":{"line":81,"column":13},"end":{"line":81,"column":27}},{"start":{"line":81,"column":31},"end":{"line":81,"column":35}}]},"3":{"loc":{"start":{"line":93,"column":14},"end":{"line":93,"column":34}},"type":"binary-expr","locations":[{"start":{"line":93,"column":14},"end":{"line":93,"column":29}},{"start":{"line":93,"column":33},"end":{"line":93,"column":34}}]},"4":{"loc":{"start":{"line":105,"column":13},"end":{"line":105,"column":33}},"type":"binary-expr","locations":[{"start":{"line":105,"column":13},"end":{"line":105,"column":28}},{"start":{"line":105,"column":32},"end":{"line":105,"column":33}}]}},"s":{"0":1,"1":0,"2":0,"3":0,"4":0,"5":0,"6":0,"7":0,"8":0,"9":0,"10":0,"11":0,"12":0,"13":0,"14":0,"15":0,"16":0,"17":0,"18":0,"19":0,"20":0,"21":0,"22":0,"23":0,"24":0,"25":0,"26":0,"27":0,"28":0,"29":0,"30":0,"31":0,"32":0,"33":0,"34":0,"35":0,"36":0,"37":0,"38":0,"39":0,"40":0,"41":0,"42":0,"43":0,"44":0,"45":0,"46":0,"47":0,"48":0,"49":0,"50":0,"51":1},"f":{"0":0,"1":0,"2":0,"3":0,"4":0,"5":0,"6":0,"7":0},"b":{"0":[0,0],"1":[0,0],"2":[0,0],"3":[0,0],"4":[0,0]}}
,"C:\\Users\\ADMIN\\Desktop\\Teach2Give\\Week8\\fullstack\\bug-tracker2\\src\\repositories\\projects.repositories.ts": {"path":"C:\\Users\\ADMIN\\Desktop\\Teach2Give\\Week8\\fullstack\\bug-tracker2\\src\\repositories\\projects.repositories.ts","statementMap":{"0":{"start":{"line":1,"column":0},"end":{"line":1,"column":42}},"1":{"start":{"line":8,"column":4},"end":{"line":15,"column":5}},"2":{"start":{"line":9,"column":25},"end":{"line":9,"column":40}},"3":{"start":{"line":10,"column":21},"end":{"line":10,"column":87}},"4":{"start":{"line":11,"column":6},"end":{"line":11,"column":25}},"5":{"start":{"line":13,"column":6},"end":{"line":13,"column":55}},"6":{"start":{"line":14,"column":6},"end":{"line":14,"column":18}},"7":{"start":{"line":20,"column":4},"end":{"line":27,"column":5}},"8":{"start":{"line":21,"column":25},"end":{"line":21,"column":40}},"9":{"start":{"line":22,"column":21},"end":{"line":22,"column":97}},"10":{"start":{"line":23,"column":6},"end":{"line":23,"column":36}},"11":{"start":{"line":25,"column":6},"end":{"line":25,"column":60}},"12":{"start":{"line":26,"column":6},"end":{"line":26,"column":18}},"13":{"start":{"line":32,"column":4},"end":{"line":39,"column":5}},"14":{"start":{"line":33,"column":25},"end":{"line":33,"column":40}},"15":{"start":{"line":34,"column":21},"end":{"line":34,"column":121}},"16":{"start":{"line":35,"column":6},"end":{"line":35,"column":25}},"17":{"start":{"line":37,"column":6},"end":{"line":37,"column":66}},"18":{"start":{"line":38,"column":6},"end":{"line":38,"column":18}},"19":{"start":{"line":44,"column":4},"end":{"line":54,"column":5}},"20":{"start":{"line":45,"column":25},"end":{"line":45,"column":40}},"21":{"start":{"line":46,"column":21},"end":{"line":48,"column":null}},"22":{"start":{"line":50,"column":6},"end":{"line":50,"column":28}},"23":{"start":{"line":52,"column":6},"end":{"line":52,"column":54}},"24":{"start":{"line":53,"column":6},"end":{"line":53,"column":18}},"25":{"start":{"line":59,"column":4},"end":{"line":92,"column":5}},"26":{"start":{"line":60,"column":37},"end":{"line":60,"column":39}},"27":{"start":{"line":61,"column":28},"end":{"line":61,"column":30}},"28":{"start":{"line":62,"column":23},"end":{"line":62,"column":24}},"29":{"start":{"line":64,"column":6},"end":{"line":67,"column":7}},"30":{"start":{"line":65,"column":8},"end":{"line":65,"column":60}},"31":{"start":{"line":66,"column":8},"end":{"line":66,"column":45}},"32":{"start":{"line":68,"column":6},"end":{"line":71,"column":7}},"33":{"start":{"line":69,"column":8},"end":{"line":69,"column":60}},"34":{"start":{"line":70,"column":8},"end":{"line":70,"column":45}},"35":{"start":{"line":73,"column":6},"end":{"line":75,"column":7}},"36":{"start":{"line":74,"column":8},"end":{"line":74,"column":47}},"37":{"start":{"line":77,"column":6},"end":{"line":77,"column":29}},"38":{"start":{"line":79,"column":20},"end":{"line":84,"column":8}},"39":{"start":{"line":86,"column":25},"end":{"line":86,"column":40}},"40":{"start":{"line":87,"column":21},"end":{"line":87,"column":52}},"41":{"start":{"line":88,"column":6},"end":{"line":88,"column":36}},"42":{"start":{"line":90,"column":6},"end":{"line":90,"column":54}},"43":{"start":{"line":91,"column":6},"end":{"line":91,"column":18}},"44":{"start":{"line":97,"column":4},"end":{"line":104,"column":5}},"45":{"start":{"line":98,"column":25},"end":{"line":98,"column":40}},"46":{"start":{"line":99,"column":21},"end":{"line":99,"column":95}},"47":{"start":{"line":100,"column":6},"end":{"line":100,"column":40}},"48":{"start":{"line":102,"column":6},"end":{"line":102,"column":54}},"49":{"start":{"line":103,"column":6},"end":{"line":103,"column":18}},"50":{"start":{"line":5,"column":0},"end":{"line":5,"column":13}}},"fnMap":{"0":{"name":"(anonymous_0)","decl":{"start":{"line":7,"column":2},"end":{"line":7,"column":8}},"loc":{"start":{"line":7,"column":29},"end":{"line":16,"column":3}}},"1":{"name":"(anonymous_1)","decl":{"start":{"line":19,"column":2},"end":{"line":19,"column":8}},"loc":{"start":{"line":19,"column":47},"end":{"line":28,"column":3}}},"2":{"name":"(anonymous_2)","decl":{"start":{"line":31,"column":2},"end":{"line":31,"column":8}},"loc":{"start":{"line":31,"column":53},"end":{"line":40,"column":3}}},"3":{"name":"(anonymous_3)","decl":{"start":{"line":43,"column":2},"end":{"line":43,"column":8}},"loc":{"start":{"line":43,"column":55},"end":{"line":55,"column":3}}},"4":{"name":"(anonymous_4)","decl":{"start":{"line":58,"column":2},"end":{"line":58,"column":8}},"loc":{"start":{"line":58,"column":74},"end":{"line":93,"column":3}}},"5":{"name":"(anonymous_5)","decl":{"start":{"line":96,"column":2},"end":{"line":96,"column":8}},"loc":{"start":{"line":96,"column":46},"end":{"line":105,"column":3}}}},"branchMap":{"0":{"loc":{"start":{"line":23,"column":13},"end":{"line":23,"column":35}},"type":"binary-expr","locations":[{"start":{"line":23,"column":13},"end":{"line":23,"column":27}},{"start":{"line":23,"column":31},"end":{"line":23,"column":35}}]},"1":{"loc":{"start":{"line":48,"column":34},"end":{"line":48,"column":65}},"type":"binary-expr","locations":[{"start":{"line":48,"column":34},"end":{"line":48,"column":57}},{"start":{"line":48,"column":61},"end":{"line":48,"column":65}}]},"2":{"loc":{"start":{"line":64,"column":6},"end":{"line":67,"column":7}},"type":"if","locations":[{"start":{"line":64,"column":6},"end":{"line":67,"column":7}},{"start":{},"end":{}}]},"3":{"loc":{"start":{"line":68,"column":6},"end":{"line":71,"column":7}},"type":"if","locations":[{"start":{"line":68,"column":6},"end":{"line":71,"column":7}},{"start":{},"end":{}}]},"4":{"loc":{"start":{"line":73,"column":6},"end":{"line":75,"column":7}},"type":"if","locations":[{"start":{"line":73,"column":6},"end":{"line":75,"column":7}},{"start":{},"end":{}}]},"5":{"loc":{"start":{"line":88,"column":13},"end":{"line":88,"column":35}},"type":"binary-expr","locations":[{"start":{"line":88,"column":13},"end":{"line":88,"column":27}},{"start":{"line":88,"column":31},"end":{"line":88,"column":35}}]},"6":{"loc":{"start":{"line":100,"column":14},"end":{"line":100,"column":34}},"type":"binary-expr","locations":[{"start":{"line":100,"column":14},"end":{"line":100,"column":29}},{"start":{"line":100,"column":33},"end":{"line":100,"column":34}}]}},"s":{"0":2,"1":0,"2":0,"3":0,"4":0,"5":0,"6":0,"7":0,"8":0,"9":0,"10":0,"11":0,"12":0,"13":0,"14":0,"15":0,"16":0,"17":0,"18":0,"19":0,"20":0,"21":0,"22":0,"23":0,"24":0,"25":0,"26":0,"27":0,"28":0,"29":0,"30":0,"31":0,"32":0,"33":0,"34":0,"35":0,"36":0,"37":0,"38":0,"39":0,"40":0,"41":0,"42":0,"43":0,"44":0,"45":0,"46":0,"47":0,"48":0,"49":0,"50":2},"f":{"0":0,"1":0,"2":0,"3":0,"4":0,"5":0},"b":{"0":[0,0],"1":[0,0],"2":[0,0],"3":[0,0],"4":[0,0],"5":[0,0],"6":[0,0]}}
,"C:\\Users\\ADMIN\\Desktop\\Teach2Give\\Week8\\fullstack\\bug-tracker2\\src\\repositories\\user.repositories.ts": {"path":"C:\\Users\\ADMIN\\Desktop\\Teach2Give\\Week8\\fullstack\\bug-tracker2\\src\\repositories\\user.repositories.ts","statementMap":{"0":{"start":{"line":1,"column":0},"end":{"line":1,"column":42}},"1":{"start":{"line":8,"column":4},"end":{"line":15,"column":5}},"2":{"start":{"line":9,"column":25},"end":{"line":9,"column":40}},"3":{"start":{"line":10,"column":21},"end":{"line":10,"column":84}},"4":{"start":{"line":11,"column":6},"end":{"line":11,"column":25}},"5":{"start":{"line":13,"column":6},"end":{"line":13,"column":52}},"6":{"start":{"line":14,"column":6},"end":{"line":14,"column":18}},"7":{"start":{"line":20,"column":4},"end":{"line":27,"column":5}},"8":{"start":{"line":21,"column":25},"end":{"line":21,"column":40}},"9":{"start":{"line":22,"column":21},"end":{"line":22,"column":88}},"10":{"start":{"line":23,"column":6},"end":{"line":23,"column":36}},"11":{"start":{"line":25,"column":6},"end":{"line":25,"column":57}},"12":{"start":{"line":26,"column":6},"end":{"line":26,"column":18}},"13":{"start":{"line":32,"column":4},"end":{"line":39,"column":5}},"14":{"start":{"line":33,"column":25},"end":{"line":33,"column":40}},"15":{"start":{"line":34,"column":21},"end":{"line":34,"column":114}},"16":{"start":{"line":35,"column":6},"end":{"line":35,"column":36}},"17":{"start":{"line":37,"column":6},"end":{"line":37,"column":60}},"18":{"start":{"line":38,"column":6},"end":{"line":38,"column":18}},"19":{"start":{"line":44,"column":4},"end":{"line":54,"column":5}},"20":{"start":{"line":45,"column":25},"end":{"line":45,"column":40}},"21":{"start":{"line":46,"column":21},"end":{"line":48,"column":null}},"22":{"start":{"line":50,"column":6},"end":{"line":50,"column":28}},"23":{"start":{"line":52,"column":6},"end":{"line":52,"column":51}},"24":{"start":{"line":53,"column":6},"end":{"line":53,"column":18}},"25":{"start":{"line":59,"column":4},"end":{"line":100,"column":5}},"26":{"start":{"line":60,"column":37},"end":{"line":60,"column":39}},"27":{"start":{"line":61,"column":28},"end":{"line":61,"column":30}},"28":{"start":{"line":62,"column":23},"end":{"line":62,"column":24}},"29":{"start":{"line":64,"column":6},"end":{"line":67,"column":7}},"30":{"start":{"line":65,"column":8},"end":{"line":65,"column":57}},"31":{"start":{"line":66,"column":8},"end":{"line":66,"column":39}},"32":{"start":{"line":68,"column":6},"end":{"line":71,"column":7}},"33":{"start":{"line":69,"column":8},"end":{"line":69,"column":54}},"34":{"start":{"line":70,"column":8},"end":{"line":70,"column":36}},"35":{"start":{"line":72,"column":6},"end":{"line":75,"column":7}},"36":{"start":{"line":73,"column":8},"end":{"line":73,"column":61}},"37":{"start":{"line":74,"column":8},"end":{"line":74,"column":43}},"38":{"start":{"line":76,"column":6},"end":{"line":79,"column":7}},"39":{"start":{"line":77,"column":8},"end":{"line":77,"column":53}},"40":{"start":{"line":78,"column":8},"end":{"line":78,"column":35}},"41":{"start":{"line":81,"column":6},"end":{"line":83,"column":7}},"42":{"start":{"line":82,"column":8},"end":{"line":82,"column":47}},"43":{"start":{"line":85,"column":6},"end":{"line":85,"column":26}},"44":{"start":{"line":87,"column":20},"end":{"line":92,"column":8}},"45":{"start":{"line":94,"column":25},"end":{"line":94,"column":40}},"46":{"start":{"line":95,"column":21},"end":{"line":95,"column":52}},"47":{"start":{"line":96,"column":6},"end":{"line":96,"column":36}},"48":{"start":{"line":98,"column":6},"end":{"line":98,"column":51}},"49":{"start":{"line":99,"column":6},"end":{"line":99,"column":18}},"50":{"start":{"line":105,"column":4},"end":{"line":112,"column":5}},"51":{"start":{"line":106,"column":25},"end":{"line":106,"column":40}},"52":{"start":{"line":107,"column":21},"end":{"line":107,"column":86}},"53":{"start":{"line":108,"column":6},"end":{"line":108,"column":40}},"54":{"start":{"line":110,"column":6},"end":{"line":110,"column":51}},"55":{"start":{"line":111,"column":6},"end":{"line":111,"column":18}},"56":{"start":{"line":5,"column":0},"end":{"line":5,"column":13}}},"fnMap":{"0":{"name":"(anonymous_0)","decl":{"start":{"line":7,"column":2},"end":{"line":7,"column":8}},"loc":{"start":{"line":7,"column":26},"end":{"line":16,"column":3}}},"1":{"name":"(anonymous_1)","decl":{"start":{"line":19,"column":2},"end":{"line":19,"column":8}},"loc":{"start":{"line":19,"column":41},"end":{"line":28,"column":3}}},"2":{"name":"(anonymous_2)","decl":{"start":{"line":31,"column":2},"end":{"line":31,"column":8}},"loc":{"start":{"line":31,"column":43},"end":{"line":40,"column":3}}},"3":{"name":"(anonymous_3)","decl":{"start":{"line":43,"column":2},"end":{"line":43,"column":8}},"loc":{"start":{"line":43,"column":46},"end":{"line":55,"column":3}}},"4":{"name":"(anonymous_4)","decl":{"start":{"line":58,"column":2},"end":{"line":58,"column":8}},"loc":{"start":{"line":58,"column":62},"end":{"line":101,"column":3}}},"5":{"name":"(anonymous_5)","decl":{"start":{"line":104,"column":2},"end":{"line":104,"column":8}},"loc":{"start":{"line":104,"column":40},"end":{"line":113,"column":3}}}},"branchMap":{"0":{"loc":{"start":{"line":23,"column":13},"end":{"line":23,"column":35}},"type":"binary-expr","locations":[{"start":{"line":23,"column":13},"end":{"line":23,"column":27}},{"start":{"line":23,"column":31},"end":{"line":23,"column":35}}]},"1":{"loc":{"start":{"line":35,"column":13},"end":{"line":35,"column":35}},"type":"binary-expr","locations":[{"start":{"line":35,"column":13},"end":{"line":35,"column":27}},{"start":{"line":35,"column":31},"end":{"line":35,"column":35}}]},"2":{"loc":{"start":{"line":48,"column":67},"end":{"line":48,"column":90}},"type":"binary-expr","locations":[{"start":{"line":48,"column":67},"end":{"line":48,"column":80}},{"start":{"line":48,"column":84},"end":{"line":48,"column":90}}]},"3":{"loc":{"start":{"line":64,"column":6},"end":{"line":67,"column":7}},"type":"if","locations":[{"start":{"line":64,"column":6},"end":{"line":67,"column":7}},{"start":{},"end":{}}]},"4":{"loc":{"start":{"line":68,"column":6},"end":{"line":71,"column":7}},"type":"if","locations":[{"start":{"line":68,"column":6},"end":{"line":71,"column":7}},{"start":{},"end":{}}]},"5":{"loc":{"start":{"line":72,"column":6},"end":{"line":75,"column":7}},"type":"if","locations":[{"start":{"line":72,"column":6},"end":{"line":75,"column":7}},{"start":{},"end":{}}]},"6":{"loc":{"start":{"line":76,"column":6},"end":{"line":79,"column":7}},"type":"if","locations":[{"start":{"line":76,"column":6},"end":{"line":79,"column":7}},{"start":{},"end":{}}]},"7":{"loc":{"start":{"line":81,"column":6},"end":{"line":83,"column":7}},"type":"if","locations":[{"start":{"line":81,"column":6},"end":{"line":83,"column":7}},{"start":{},"end":{}}]},"8":{"loc":{"start":{"line":96,"column":13},"end":{"line":96,"column":35}},"type":"binary-expr","locations":[{"start":{"line":96,"column":13},"end":{"line":96,"column":27}},{"start":{"line":96,"column":31},"end":{"line":96,"column":35}}]},"9":{"loc":{"start":{"line":108,"column":14},"end":{"line":108,"column":34}},"type":"binary-expr","locations":[{"start":{"line":108,"column":14},"end":{"line":108,"column":29}},{"start":{"line":108,"column":33},"end":{"line":108,"column":34}}]}},"s":{"0":3,"1":0,"2":0,"3":0,"4":0,"5":0,"6":0,"7":0,"8":0,"9":0,"10":0,"11":0,"12":0,"13":0,"14":0,"15":0,"16":0,"17":0,"18":0,"19":0,"20":0,"21":0,"22":0,"23":0,"24":0,"25":0,"26":0,"27":0,"28":0,"29":0,"30":0,"31":0,"32":0,"33":0,"34":0,"35":0,"36":0,"37":0,"38":0,"39":0,"40":0,"41":0,"42":0,"43":0,"44":0,"45":0,"46":0,"47":0,"48":0,"49":0,"50":0,"51":0,"52":0,"53":0,"54":0,"55":0,"56":3},"f":{"0":0,"1":0,"2":0,"3":0,"4":0,"5":0},"b":{"0":[0,0],"1":[0,0],"2":[0,0],"3":[0,0],"4":[0,0],"5":[0,0],"6":[0,0],"7":[0,0],"8":[0,0],"9":[0,0]}}
,"C:\\Users\\ADMIN\\Desktop\\Teach2Give\\Week8\\fullstack\\bug-tracker2\\src\\routes\\bug.routes.ts": {"path":"C:\\Users\\ADMIN\\Desktop\\Teach2Give\\Week8\\fullstack\\bug-tracker2\\src\\routes\\bug.routes.ts","statementMap":{"0":{"start":{"line":2,"column":0},"end":{"line":2,"column":63}},"1":{"start":{"line":4,"column":18},"end":{"line":31,"column":1}},"2":{"start":{"line":6,"column":4},"end":{"line":6,"column":57}},"3":{"start":{"line":9,"column":4},"end":{"line":9,"column":61}},"4":{"start":{"line":12,"column":4},"end":{"line":12,"column":82}},"5":{"start":{"line":15,"column":4},"end":{"line":15,"column":85}},"6":{"start":{"line":18,"column":4},"end":{"line":18,"column":85}},"7":{"start":{"line":21,"column":4},"end":{"line":21,"column":77}},"8":{"start":{"line":24,"column":4},"end":{"line":24,"column":57}},"9":{"start":{"line":27,"column":4},"end":{"line":27,"column":60}},"10":{"start":{"line":30,"column":4},"end":{"line":30,"column":63}},"11":{"start":{"line":33,"column":0},"end":{"line":33,"column":25}}},"fnMap":{"0":{"name":"(anonymous_9)","decl":{"start":{"line":4,"column":18},"end":{"line":4,"column":19}},"loc":{"start":{"line":4,"column":34},"end":{"line":31,"column":1}}}},"branchMap":{},"s":{"0":0,"1":0,"2":0,"3":0,"4":0,"5":0,"6":0,"7":0,"8":0,"9":0,"10":0,"11":0},"f":{"0":0},"b":{}}
,"C:\\Users\\ADMIN\\Desktop\\Teach2Give\\Week8\\fullstack\\bug-tracker2\\src\\routes\\comments.routes.ts": {"path":"C:\\Users\\ADMIN\\Desktop\\Teach2Give\\Week8\\fullstack\\bug-tracker2\\src\\routes\\comments.routes.ts","statementMap":{"0":{"start":{"line":2,"column":0},"end":{"line":2,"column":71}},"1":{"start":{"line":4,"column":22},"end":{"line":28,"column":1}},"2":{"start":{"line":6,"column":4},"end":{"line":6,"column":69}},"3":{"start":{"line":9,"column":4},"end":{"line":9,"column":73}},"4":{"start":{"line":12,"column":4},"end":{"line":12,"column":82}},"5":{"start":{"line":15,"column":4},"end":{"line":15,"column":85}},"6":{"start":{"line":18,"column":4},"end":{"line":18,"column":69}},"7":{"start":{"line":21,"column":4},"end":{"line":21,"column":72}},"8":{"start":{"line":24,"column":4},"end":{"line":24,"column":75}},"9":{"start":{"line":27,"column":4},"end":{"line":27,"column":88}},"10":{"start":{"line":30,"column":0},"end":{"line":30,"column":29}}},"fnMap":{"0":{"name":"(anonymous_9)","decl":{"start":{"line":4,"column":22},"end":{"line":4,"column":23}},"loc":{"start":{"line":4,"column":38},"end":{"line":28,"column":1}}}},"branchMap":{},"s":{"0":0,"1":0,"2":0,"3":0,"4":0,"5":0,"6":0,"7":0,"8":0,"9":0,"10":0},"f":{"0":0},"b":{}}
,"C:\\Users\\ADMIN\\Desktop\\Teach2Give\\Week8\\fullstack\\bug-tracker2\\src\\routes\\projects.routes.ts": {"path":"C:\\Users\\ADMIN\\Desktop\\Teach2Give\\Week8\\fullstack\\bug-tracker2\\src\\routes\\projects.routes.ts","statementMap":{"0":{"start":{"line":2,"column":0},"end":{"line":2,"column":71}},"1":{"start":{"line":4,"column":22},"end":{"line":22,"column":1}},"2":{"start":{"line":6,"column":4},"end":{"line":6,"column":69}},"3":{"start":{"line":9,"column":4},"end":{"line":9,"column":73}},"4":{"start":{"line":12,"column":4},"end":{"line":12,"column":94}},"5":{"start":{"line":15,"column":4},"end":{"line":15,"column":69}},"6":{"start":{"line":18,"column":4},"end":{"line":18,"column":72}},"7":{"start":{"line":21,"column":4},"end":{"line":21,"column":75}},"8":{"start":{"line":24,"column":0},"end":{"line":24,"column":29}}},"fnMap":{"0":{"name":"(anonymous_9)","decl":{"start":{"line":4,"column":22},"end":{"line":4,"column":23}},"loc":{"start":{"line":4,"column":38},"end":{"line":22,"column":1}}}},"branchMap":{},"s":{"0":0,"1":0,"2":0,"3":0,"4":0,"5":0,"6":0,"7":0,"8":0},"f":{"0":0},"b":{}}
,"C:\\Users\\ADMIN\\Desktop\\Teach2Give\\Week8\\fullstack\\bug-tracker2\\src\\routes\\user.routes.ts": {"path":"C:\\Users\\ADMIN\\Desktop\\Teach2Give\\Week8\\fullstack\\bug-tracker2\\src\\routes\\user.routes.ts","statementMap":{"0":{"start":{"line":2,"column":0},"end":{"line":2,"column":65}},"1":{"start":{"line":4,"column":19},"end":{"line":25,"column":1}},"2":{"start":{"line":6,"column":4},"end":{"line":6,"column":60}},"3":{"start":{"line":9,"column":4},"end":{"line":9,"column":69}},"4":{"start":{"line":12,"column":4},"end":{"line":12,"column":65}},"5":{"start":{"line":15,"column":4},"end":{"line":15,"column":71}},"6":{"start":{"line":18,"column":4},"end":{"line":18,"column":74}},"7":{"start":{"line":21,"column":4},"end":{"line":21,"column":79}},"8":{"start":{"line":24,"column":4},"end":{"line":24,"column":66}},"9":{"start":{"line":27,"column":0},"end":{"line":27,"column":26}}},"fnMap":{"0":{"name":"(anonymous_9)","decl":{"start":{"line":4,"column":19},"end":{"line":4,"column":20}},"loc":{"start":{"line":4,"column":35},"end":{"line":25,"column":1}}}},"branchMap":{},"s":{"0":0,"1":0,"2":0,"3":0,"4":0,"5":0,"6":0,"7":0,"8":0,"9":0},"f":{"0":0},"b":{}}
,"C:\\Users\\ADMIN\\Desktop\\Teach2Give\\Week8\\fullstack\\bug-tracker2\\src\\services\\bug.services.ts": {"path":"C:\\Users\\ADMIN\\Desktop\\Teach2Give\\Week8\\fullstack\\bug-tracker2\\src\\services\\bug.services.ts","statementMap":{"0":{"start":{"line":1,"column":0},"end":{"line":1,"column":66}},"1":{"start":{"line":2,"column":0},"end":{"line":2,"column":74}},"2":{"start":{"line":5,"column":32},"end":{"line":48,"column":1}},"3":{"start":{"line":6,"column":88},"end":{"line":6,"column":98}},"4":{"start":{"line":8,"column":4},"end":{"line":10,"column":5}},"5":{"start":{"line":9,"column":8},"end":{"line":9,"column":85}},"6":{"start":{"line":12,"column":4},"end":{"line":14,"column":5}},"7":{"start":{"line":13,"column":8},"end":{"line":13,"column":95}},"8":{"start":{"line":16,"column":18},"end":{"line":16,"column":30}},"9":{"start":{"line":17,"column":4},"end":{"line":19,"column":5}},"10":{"start":{"line":18,"column":8},"end":{"line":18,"column":49}},"11":{"start":{"line":22,"column":20},"end":{"line":22,"column":69}},"12":{"start":{"line":23,"column":4},"end":{"line":25,"column":5}},"13":{"start":{"line":24,"column":8},"end":{"line":24,"column":69}},"14":{"start":{"line":28,"column":26},"end":{"line":28,"column":71}},"15":{"start":{"line":29,"column":4},"end":{"line":31,"column":5}},"16":{"start":{"line":30,"column":8},"end":{"line":30,"column":86}},"17":{"start":{"line":34,"column":28},"end":{"line":34,"column":65}},"18":{"start":{"line":35,"column":4},"end":{"line":37,"column":5}},"19":{"start":{"line":36,"column":8},"end":{"line":36,"column":90}},"20":{"start":{"line":39,"column":4},"end":{"line":47,"column":6}},"21":{"start":{"line":50,"column":38},"end":{"line":76,"column":1}},"22":{"start":{"line":51,"column":65},"end":{"line":51,"column":75}},"23":{"start":{"line":53,"column":4},"end":{"line":55,"column":5}},"24":{"start":{"line":54,"column":8},"end":{"line":54,"column":67}},"25":{"start":{"line":58,"column":26},"end":{"line":58,"column":71}},"26":{"start":{"line":59,"column":4},"end":{"line":61,"column":5}},"27":{"start":{"line":60,"column":8},"end":{"line":60,"column":86}},"28":{"start":{"line":64,"column":28},"end":{"line":64,"column":65}},"29":{"start":{"line":65,"column":4},"end":{"line":67,"column":5}},"30":{"start":{"line":66,"column":8},"end":{"line":66,"column":90}},"31":{"start":{"line":69,"column":4},"end":{"line":75,"column":6}},"32":{"start":{"line":79,"column":26},"end":{"line":87,"column":1}},"33":{"start":{"line":80,"column":4},"end":{"line":86,"column":5}},"34":{"start":{"line":81,"column":28},"end":{"line":81,"column":60}},"35":{"start":{"line":82,"column":8},"end":{"line":82,"column":20}},"36":{"start":{"line":84,"column":8},"end":{"line":84,"column":53}},"37":{"start":{"line":85,"column":8},"end":{"line":85,"column":20}},"38":{"start":{"line":79,"column":13},"end":{"line":79,"column":26}},"39":{"start":{"line":90,"column":26},"end":{"line":102,"column":1}},"40":{"start":{"line":91,"column":4},"end":{"line":101,"column":5}},"41":{"start":{"line":92,"column":8},"end":{"line":94,"column":9}},"42":{"start":{"line":93,"column":12},"end":{"line":93,"column":46}},"43":{"start":{"line":96,"column":32},"end":{"line":96,"column":69}},"44":{"start":{"line":97,"column":8},"end":{"line":97,"column":19}},"45":{"start":{"line":99,"column":8},"end":{"line":99,"column":58}},"46":{"start":{"line":100,"column":8},"end":{"line":100,"column":20}},"47":{"start":{"line":90,"column":13},"end":{"line":90,"column":26}},"48":{"start":{"line":105,"column":32},"end":{"line":117,"column":1}},"49":{"start":{"line":106,"column":4},"end":{"line":116,"column":5}},"50":{"start":{"line":107,"column":8},"end":{"line":109,"column":9}},"51":{"start":{"line":108,"column":12},"end":{"line":108,"column":50}},"52":{"start":{"line":111,"column":28},"end":{"line":111,"column":75}},"53":{"start":{"line":112,"column":8},"end":{"line":112,"column":20}},"54":{"start":{"line":114,"column":8},"end":{"line":114,"column":64}},"55":{"start":{"line":115,"column":8},"end":{"line":115,"column":20}},"56":{"start":{"line":105,"column":13},"end":{"line":105,"column":32}},"57":{"start":{"line":120,"column":33},"end":{"line":132,"column":1}},"58":{"start":{"line":121,"column":4},"end":{"line":131,"column":5}},"59":{"start":{"line":122,"column":8},"end":{"line":124,"column":9}},"60":{"start":{"line":123,"column":12},"end":{"line":123,"column":51}},"61":{"start":{"line":126,"column":28},"end":{"line":126,"column":77}},"62":{"start":{"line":127,"column":8},"end":{"line":127,"column":20}},"63":{"start":{"line":129,"column":8},"end":{"line":129,"column":65}},"64":{"start":{"line":130,"column":8},"end":{"line":130,"column":20}},"65":{"start":{"line":120,"column":13},"end":{"line":120,"column":33}},"66":{"start":{"line":135,"column":33},"end":{"line":147,"column":1}},"67":{"start":{"line":136,"column":4},"end":{"line":146,"column":5}},"68":{"start":{"line":137,"column":8},"end":{"line":139,"column":9}},"69":{"start":{"line":138,"column":12},"end":{"line":138,"column":51}},"70":{"start":{"line":141,"column":28},"end":{"line":141,"column":77}},"71":{"start":{"line":142,"column":8},"end":{"line":142,"column":20}},"72":{"start":{"line":144,"column":8},"end":{"line":144,"column":65}},"73":{"start":{"line":145,"column":8},"end":{"line":145,"column":20}},"74":{"start":{"line":135,"column":13},"end":{"line":135,"column":33}},"75":{"start":{"line":150,"column":31},"end":{"line":162,"column":1}},"76":{"start":{"line":151,"column":4},"end":{"line":161,"column":5}},"77":{"start":{"line":152,"column":8},"end":{"line":154,"column":9}},"78":{"start":{"line":153,"column":12},"end":{"line":153,"column":60}},"79":{"start":{"line":156,"column":28},"end":{"line":156,"column":71}},"80":{"start":{"line":157,"column":8},"end":{"line":157,"column":20}},"81":{"start":{"line":159,"column":8},"end":{"line":159,"column":63}},"82":{"start":{"line":160,"column":8},"end":{"line":160,"column":20}},"83":{"start":{"line":150,"column":13},"end":{"line":150,"column":31}},"84":{"start":{"line":165,"column":25},"end":{"line":181,"column":1}},"85":{"start":{"line":166,"column":4},"end":{"line":166,"column":41}},"86":{"start":{"line":167,"column":4},"end":{"line":169,"column":5}},"87":{"start":{"line":168,"column":8},"end":{"line":168,"column":51}},"88":{"start":{"line":171,"column":4},"end":{"line":180,"column":5}},"89":{"start":{"line":172,"column":23},"end":{"line":172,"column":61}},"90":{"start":{"line":173,"column":8},"end":{"line":173,"column":42}},"91":{"start":{"line":175,"column":27},"end":{"line":175,"column":64}},"92":{"start":{"line":176,"column":8},"end":{"line":176,"column":26}},"9
[...]
13}},"84":{"start":{"line":180,"column":16},"end":{"line":180,"column":83}},"85":{"start":{"line":184,"column":28},"end":{"line":184,"column":79}},"86":{"start":{"line":185,"column":8},"end":{"line":187,"column":9}},"87":{"start":{"line":186,"column":12},"end":{"line":186,"column":71}},"88":{"start":{"line":190,"column":50},"end":{"line":190,"column":61}},"89":{"start":{"line":192,"column":8},"end":{"line":195,"column":11}},"90":{"start":{"line":197,"column":8},"end":{"line":197,"column":61}},"91":{"start":{"line":198,"column":8},"end":{"line":201,"column":11}},"92":{"start":{"line":158,"column":13},"end":{"line":158,"column":33}},"93":{"start":{"line":206,"column":27},"end":{"line":227,"column":1}},"94":{"start":{"line":207,"column":4},"end":{"line":226,"column":5}},"95":{"start":{"line":208,"column":22},"end":{"line":208,"column":56}},"96":{"start":{"line":211,"column":30},"end":{"line":214,"column":10}},"97":{"start":{"line":212,"column":61},"end":{"line":212,"column":65}},"98":{"start":{"line":213,"column":12},"end":{"line":213,"column":39}},"99":{"start":{"line":216,"column":8},"end":{"line":219,"column":11}},"100":{"start":{"line":221,"column":8},"end":{"line":221,"column":57}},"101":{"start":{"line":222,"column":8},"end":{"line":225,"column":11}},"102":{"start":{"line":206,"column":13},"end":{"line":206,"column":27}},"103":{"start":{"line":230,"column":26},"end":{"line":258,"column":1}},"104":{"start":{"line":231,"column":4},"end":{"line":257,"column":5}},"105":{"start":{"line":232,"column":23},"end":{"line":232,"column":46}},"106":{"start":{"line":234,"column":8},"end":{"line":236,"column":9}},"107":{"start":{"line":235,"column":12},"end":{"line":235,"column":72}},"108":{"start":{"line":239,"column":21},"end":{"line":239,"column":61}},"109":{"start":{"line":240,"column":8},"end":{"line":242,"column":9}},"110":{"start":{"line":241,"column":12},"end":{"line":241,"column":71}},"111":{"start":{"line":245,"column":24},"end":{"line":245,"column":63}},"112":{"start":{"line":246,"column":8},"end":{"line":248,"column":9}},"113":{"start":{"line":247,"column":12},"end":{"line":247,"column":71}},"114":{"start":{"line":250,"column":8},"end":{"line":250,"column":59}},"115":{"start":{"line":252,"column":8},"end":{"line":252,"column":53}},"116":{"start":{"line":253,"column":8},"end":{"line":256,"column":11}},"117":{"start":{"line":230,"column":13},"end":{"line":230,"column":26}},"118":{"start":{"line":261,"column":30},"end":{"line":304,"column":1}},"119":{"start":{"line":262,"column":4},"end":{"line":303,"column":5}},"120":{"start":{"line":263,"column":24},"end":{"line":263,"column":48}},"121":{"start":{"line":264,"column":49},"end":{"line":264,"column":57}},"122":{"start":{"line":266,"column":8},"end":{"line":268,"column":9}},"123":{"start":{"line":267,"column":12},"end":{"line":267,"column":69}},"124":{"start":{"line":270,"column":8},"end":{"line":272,"column":9}},"125":{"start":{"line":271,"column":12},"end":{"line":271,"column":103}},"126":{"start":{"line":274,"column":8},"end":{"line":276,"column":9}},"127":{"start":{"line":275,"column":12},"end":{"line":275,"column":99}},"128":{"start":{"line":279,"column":21},"end":{"line":279,"column":61}},"129":{"start":{"line":280,"column":8},"end":{"line":282,"column":9}},"130":{"start":{"line":281,"column":12},"end":{"line":281,"column":71}},"131":{"start":{"line":285,"column":39},"end":{"line":285,"column":95}},"132":{"start":{"line":286,"column":8},"end":{"line":288,"column":9}},"133":{"start":{"line":287,"column":12},"end":{"line":287,"column":86}},"134":{"start":{"line":291,"column":32},"end":{"line":291,"column":66}},"135":{"start":{"line":294,"column":8},"end":{"line":294,"column":83}},"136":{"start":{"line":296,"column":8},"end":{"line":296,"column":75}},"137":{"start":{"line":298,"column":8},"end":{"line":298,"column":57}},"138":{"start":{"line":299,"column":8},"end":{"line":302,"column":11}},"139":{"start":{"line":261,"column":13},"end":{"line":261,"column":30}}},"fnMap":{"0":{"name":"(anonymous_1)","decl":{"start":{"line":8,"column":36},"end":{"line":8,"column":41}},"loc":{"start":{"line":8,"column":76},"end":{"line":40,"column":1}}},"1":{"name":"(anonymous_2)","decl":{"start":{"line":42,"column":26},"end":{"line":42,"column":31}},"loc":{"start":{"line":42,"column":64},"end":{"line":75,"column":1}}},"2":{"name":"(anonymous_3)","decl":{"start":{"line":78,"column":25},"end":{"line":78,"column":30}},"loc":{"start":{"line":78,"column":63},"end":{"line":128,"column":1}}},"3":{"name":"(anonymous_4)","decl":{"start":{"line":131,"column":30},"end":{"line":131,"column":35}},"loc":{"start":{"line":131,"column":68},"end":{"line":155,"column":1}}},"4":{"name":"(anonymous_5)","decl":{"start":{"line":158,"column":33},"end":{"line":158,"column":38}},"loc":{"start":{"line":158,"column":71},"end":{"line":203,"column":1}}},"5":{"name":"(anonymous_6)","decl":{"start":{"line":206,"column":27},"end":{"line":206,"column":32}},"loc":{"start":{"line":206,"column":65},"end":{"line":227,"column":1}}},"6":{"name":"(anonymous_7)","decl":{"start":{"line":211,"column":40},"end":{"line":211,"column":44}},"loc":{"start":{"line":211,"column":47},"end":{"line":214,"column":9}}},"7":{"name":"(anonymous_8)","decl":{"start":{"line":230,"column":26},"end":{"line":230,"column":31}},"loc":{"start":{"line":230,"column":64},"end":{"line":258,"column":1}}},"8":{"name":"(anonymous_9)","decl":{"start":{"line":261,"column":30},"end":{"line":261,"column":35}},"loc":{"start":{"line":261,"column":68},"end":{"line":304,"column":1}}}},"branchMap":{"0":{"loc":{"start":{"line":9,"column":43},"end":{"line":9,"column":53}},"type":"binary-expr","locations":[{"start":{"line":9,"column":43},"end":{"line":9,"column":47}},{"start":{"line":9,"column":51},"end":{"line":9,"column":53}}]},"1":{"loc":{"start":{"line":10,"column":1},"end":{"line":12,"column":2}},"type":"if","locations":[{"start":{"line":10,"column":1},"end":{"line":12,"column":2}},{"start":{},"end":{}}]},"2":{"loc":{"start":{"line":10,"column":4},"end":{"line":10,"column":36}},"type":"binary-expr","locations":[{"start":{"line":10,"column":4},"end":{"line":10,"column":13}},{"start":{"line":10,"column":17},"end":{"line":10,"column":23}},{"start":{"line":10,"column":27},"end":{"line":10,"column":36}}]},"3":{"loc":{"start":{"line":14,"column":1},"end":{"line":16,"column":2}},"type":"if","locations":[{"start":{"line":14,"column":1},"end":{"line":16,"column":2}},{"start":{},"end":{}}]},"4":{"loc":{"start":{"line":14,"column":4},"end":{"line":14,"column":61}},"type":"binary-expr","locations":[{"start":{"line":14,"column":4},"end":{"line":14,"column":32}},{"start":{"line":14,"column":36},"end":{"line":14,"column":61}}]},"5":{"loc":{"start":{"line":22,"column":1},"end":{"line":24,"column":2}},"type":"if","locations":[{"start":{"line":22,"column":1},"end":{"line":24,"column":2}},{"start":{},"end":{}}]},"6":{"loc":{"start":{"line":26,"column":1},"end":{"line":28,"column":2}},"type":"if","locations":[{"start":{"line":26,"column":1},"end":{"line":28,"column":2}},{"start":{},"end":{}}]},"7":{"loc":{"start":{"line":38,"column":11},"end":{"line":38,"column":59}},"type":"cond-expr","locations":[{"start":{"line":38,"column":46},"end":{"line":38,"column":50}},{"start":{"line":38,"column":53},"end":{"line":38,"column":59}}]},"8":{"loc":{"start":{"line":38,"column":11},"end":{"line":38,"column":43}},"type":"binary-expr","locations":[{"start":{"line":38,"column":11},"end":{"line":38,"column":15}},{"start":{"line":38,"column":19},"end":{"line":38,"column":43}}]},"9":{"loc":{"start":{"line":44,"column":4},"end":{"line":47,"column":5}},"type":"if","locations":[{"start":{"line":44,"column":4},"end":{"line":47,"column":5}},{"start":{},"end":{}}]},"10":{"loc":{"start":{"line":54,"column":8},"end":{"line":56,"column":9}},"type":"if","locations":[{"start":{"line":54,"column":8},"end":{"line":56,"column":9}},{"start":{},"end":{}}]},"11":{"loc":{"start":{"line":81,"column":4},"end":{"line":83,"column":5}},"type":"if","locations":[{"start":{"line":81,"column":4},"end":{"line":83,"column":5}},{"start":{},"end":{}}]},"12":{"loc":{"start":{"line":81,"column":8},"end":{"line":81,"column":27}},"type":"binary-expr","locations":[{"start":{"line":81,"column":8},"end":{"line":81,"column":14}},{"start":{"line":81,"column":18},"end":{"line":81,"column":27}}]},"13":{"loc":{"start":{"line":88,"column":8},"end":{"line":90,"column":9}},"type":"if","locations":[{"start":{"line":88,"column":8},"end":{"line":90,"column":9}},{"start":{},"end":{}}]},"14":{"loc":{"start":{"line":98,"column":8},"end":{"line":100,"column":9}},"type":"if","locations":[{"start":{"line":98,"column":8},"end":{"line":100,"column":9}},{"start":{},"end":{}}]},"15":{"loc":{"start":{"line":109,"column":12},"end":{"line":109,"column":55}},"type":"binary-expr","locations":[{"start":{"line":109,"column":12},"end":{"line":109,"column":34}},{"start":{"line":109,"column":38},"end":{"line":109,"column":55}}]},"16":{"loc":{"start":{"line":135,"column":6},"end":{"line":137,"column":9}},"type":"if","locations":[{"start":{"line":135,"column":6},"end":{"line":137,"column":9}},{"start":{},"end":{}}]},"17":{"loc":{"start":{"line":140,"column":8},"end":{"line":142,"column":9}},"type":"if","locations":[{"start":{"line":140,"column":8},"end":{"line":142,"column":9}},{"start":{},"end":{}}]},"18":{"loc":{"start":{"line":162,"column":8},"end":{"line":164,"column":9}},"type":"if","locations":[{"start":{"line":162,"column":8},"end":{"line":164,"column":9}},{"start":{},"end":{}}]},"19":{"loc":{"start":{"line":169,"column":8},"end":{"line":169,"column":60}},"type":"if","locations":[{"start":{"line":169,"column":8},"end":{"line":169,"column":60}},{"start":{},"end":{}}]},"20":{"loc":{"start":{"line":170,"column":8},"end":{"line":170,"column":65}},"type":"if","locations":[{"start":{"line":170,"column":8},"end":{"line":170,"column":65}},{"start":{},"end":{}}]},"21":{"loc":{"start":{"line":172,"column":8},"end":{"line":174,"column":9}},"type":"if","locations":[{"start":{"line":172,"column":8},"end":{"line":174,"column":9}},{"start":{},"end":{}}]},"22":{"loc":{"start":{"line":177,"column":8},"end":{"line":182,"column":9}},"type":"if","locations":[{"start":{"line":177,"column":8},"end":{"line":182,"column":9}},{"start":{},"end":{}}]},"23":{"loc":{"start":{"line":179,"column":12},"end":{"line":181,"column":13}},"type":"if","locations":[{"start":{"line":179,"column":12},"end":{"line":181,"column":13}},{"start":{},"end":{}}]},"24":{"loc":{"start":{"line":179,"column":16},"end":{"line":179,"column":62}},"type":"binary-expr","locations":[{"start":{"line":179,"column":16},"end":{"line":179,"column":28}},{"start":{"line":179,"column":32},"end":{"line":179,"column":62}}]},"25":{"loc":{"start":{"line":185,"column":8},"end":{"line":187,"column":9}},"type":"if","locations":[{"start":{"line":185,"column":8},"end":{"line":187,"column":9}},{"start":{},"end":{}}]},"26":{"loc":{"start":{"line":234,"column":8},"end":{"line":236,"column":9}},"type":"if","locations":[{"start":{"line":234,"column":8},"end":{"line":236,"column":9}},{"start":{},"end":{}}]},"27":{"loc":{"start":{"line":234,"column":12},"end":{"line":234,"column":36}},"type":"binary-expr","locations":[{"start":{"line":234,"column":12},"end":{"line":234,"column":19}},{"start":{"line":234,"column":23},"end":{"line":234,"column":36}}]},"28":{"loc":{"start":{"line":240,"column":8},"end":{"line":242,"column":9}},"type":"if","locations":[{"start":{"line":240,"column":8},"end":{"line":242,"column":9}},{"start":{},"end":{}}]},"29":{"loc":{"start":{"line":246,"column":8},"end":{"line":248,"column":9}},"type":"if","locations":[{"start":{"line":246,"column":8},"end":{"line":248,"column":9}},{"start":{},"end":{}}]},"30":{"loc":{"start":{"line":266,"column":8},"end":{"line":268,"column":9}},"type":"if","locations":[{"start":{"line":266,"column":8},"end":{"line":268,"column":9}},{"start":{},"end":{}}]},"31":{"loc":{"start":{"line":270,"column":8},"end":{"line":272,"column":9}},"type":"if","locations":[{"start":{"line":270,"column":8},"end":{"line":272,"column":9}},{"start":{},"end":{}}]},"32":{"loc":{"start":{"line":270,"column":12},"end":{"line":270,"column":44}},"type":"binary-expr","locations":[{"start":{"line":270,"column":12},"end":{"line":270,"column":28}},{"start":{"line":270,"column":32},"end":{"line":270,"column":44}}]},"33":{"loc":{"start":{"line":274,"column":8},"end":{"line":276,"column":9}},"type":"if","locations":[{"start":{"line":274,"column":8},"end":{"line":276,"column":9}},{"start":{},"end":{}}]},"34":{"loc":{"start":{"line":280,"column":8},"end":{"line":282,"column":9}},"type":"if","locations":[{"start":{"line":280,"column":8},"end":{"line":282,"column":9}},{"start":{},"end":{}}]},"35":{"loc":{"start":{"line":286,"column":8},"end":{"line":288,"column":9}},"type":"if","locations":[{"start":{"line":286,"column":8},"end":{"line":288,"column":9}},{"start":{},"end":{}}]}},"s":{"0":1,"1":1,"2":1,"3":1,"4":1,"5":1,"6":1,"7":0,"8":0,"9":0,"10":0,"11":0,"12":0,"13":0,"14":0,"15":0,"16":0,"17":0,"18":0,"19":1,"20":1,"21":1,"22":0,"23":0,"24":1,"25":1,"26":0,"27":0,"28":0,"29":0,"30":0,"31":0,"32":0,"33":1,"34":1,"35":1,"36":1,"37":3,"38":3,"39":0,"40":3,"41":3,"42":3,"43":1,"44":2,"45":2,"46":2,"47":2,"48":1,"49":1,"50":1,"51":1,"52":0,"53":0,"54":1,"55":1,"56":3,"57":3,"58":3,"59":1,"60":2,"61":2,"62":1,"63":1,"64":1,"65":0,"66":0,"67":1,"68":1,"69":5,"70":5,"71":5,"72":1,"73":4,"74":4,"75":4,"76":2,"77":4,"78":2,"79":4,"80":1,"81":3,"82":2,"83":2,"84":1,"85":2,"86":2,"87":1,"88":1,"89":1,"90":0,"91":0,"92":1,"93":1,"94":0,"95":0,"96":0,"97":0,"98":0,"99":0,"100":0,"101":0,"102":1,"103":1,"104":0,"105":0,"106":0,"107":0,"108":0,"109":0,"110":0,"111":0,"112":0,"113":0,"114":0,"115":0,"116":0,"117":1,"118":1,"119":7,"120":7,"121":7,"122":7,"123":1,"124":6,"125":1,"126":5,"127":1,"128":4,"129":4,"130":1,"131":3,"132":3,"133":1,"134":2,"135":2,"136":1,"137":1,"138":1,"139":1},"f":{"0":1,"1":1,"2":3,"3":3,"4":5,"5":0,"6":0,"7":0,"8":7},"b":{"0":[1,0],"1":[1,0],"2":[1,0,0],"3":[0,0],"4":[0,0],"5":[0,0],"6":[0,0],"7":[0,0],"8":[0,0],"9":[0,1],"10":[0,0],"11":[0,3],"12":[3,3],"13":[1,2],"14":[1,1],"15":[1,0],"16":[1,2],"17":[1,1],"18":[1,4],"19":[2,2],"20":[2,2],"21":[1,3],"22":[2,1],"23":[1,1],"24":[2,1],"25":[1,1],"26":[0,0],"27":[0,0],"28":[0,0],"29":[0,0],"30":[1,6],"31":[1,5],"32":[6,6],"33":[1,4],"34":[1,3],"35":[1,2]}}
,"C:\\Users\\ADMIN\\Desktop\\Teach2Give\\Week8\\fullstack\\bug-tracker2\\src\\utils\\errorHandler.ts": {"path":"C:\\Users\\ADMIN\\Desktop\\Teach2Give\\Week8\\fullstack\\bug-tracker2\\src\\utils\\errorHandler.ts","statementMap":{"0":{"start":{"line":1,"column":0},"end":{"line":1,"column":null}},"1":{"start":{"line":2,"column":4},"end":{"line":2,"column":null}},"2":{"start":{"line":3,"column":4},"end":{"line":3,"column":null}},"3":{"start":{"line":4,"column":4},"end":{"line":4,"column":null}},"4":{"start":{"line":5,"column":4},"end":{"line":5,"column":null}},"5":{"start":{"line":6,"column":4},"end":{"line":6,"column":null}},"6":{"start":{"line":7,"column":4},"end":{"line":7,"column":null}},"7":{"start":{"line":8,"column":4},"end":{"line":8,"column":null}},"8":{"start":{"line":17,"column":8},"end":{"line":17,"column":23}},"9":{"start":{"line":18,"column":8},"end":{"line":18,"column":25}},"10":{"start":{"line":19,"column":8},"end":{"line":19,"column":51}},"11":{"start":{"line":20,"column":8},"end":{"line":20,"column":37}},"12":{"start":{"line":21,"column":8},"end":{"line":21,"column":31}},"13":{"start":{"line":25,"column":8},"end":{"line":41,"column":9}},"14":{"start":{"line":27,"column":16},"end":{"line":27,"column":27}},"15":{"start":{"line":29,"column":16},"end":{"line":29,"column":27}},"16":{"start":{"line":31,"column":16},"end":{"line":31,"column":27}},"17":{"start":{"line":33,"column":16},"end":{"line":33,"column":27}},"18":{"start":{"line":35,"column":16},"end":{"line":35,"column":27}},"19":{"start":{"line":37,"column":16},"end":{"line":37,"column":27}},"20":{"start":{"line":40,"column":16},"end":{"line":40,"column":27}},"21":{"start":{"line":11,"column":0},"end":{"line":11,"column":13}},"22":{"start":{"line":45,"column":37},"end":{"line":110,"column":1}},"23":{"start":{"line":46,"column":4},"end":{"line":46,"column":46}},"24":{"start":{"line":48,"column":4},"end":{"line":56,"column":5}},"25":{"start":{"line":49,"column":8},"end":{"line":55,"column":11}},"26":{"start":{"line":59,"column":4},"end":{"line":79,"column":5}},"27":{"start":{"line":60,"column":8},"end":{"line":78,"column":9}},"28":{"start":{"line":63,"column":16},"end":{"line":69,"column":19}},"29":{"start":{"line":71,"column":16},"end":{"line":77,"column":19}},"30":{"start":{"line":82,"column":4},"end":{"line":90,"column":5}},"31":{"start":{"line":83,"column":8},"end":{"line":89,"column":11}},"32":{"start":{"line":92,"column":4},"end":{"line":100,"column":5}},"33":{"start":{"line":93,"column":8},"end":{"line":99,"column":11}},"34":{"start":{"line":103,"column":4},"end":{"line":109,"column":7}},"35":{"start":{"line":45,"column":13},"end":{"line":45,"column":37}}},"fnMap":{"0":{"name":"(anonymous_0)","decl":{"start":{"line":1,"column":0},"end":{"line":1,"column":12}},"loc":{"start":{"line":1,"column":21},"end":{"line":9,"column":1}}},"1":{"name":"(anonymous_1)","decl":{"start":{"line":16,"column":4},"end":{"line":16,"column":16}},"loc":{"start":{"line":16,"column":69},"end":{"line":22,"column":5}}},"2":{"name":"(anonymous_2)","decl":{"start":{"line":24,"column":12},"end":{"line":24,"column":25}},"loc":{"start":{"line":24,"column":41},"end":{"line":42,"column":5}}},"3":{"name":"(anonymous_3)","decl":{"start":{"line":45,"column":37},"end":{"line":45,"column":38}},"loc":{"start":{"line":45,"column":62},"end":{"line":110,"column":1}}}},"branchMap":{"0":{"loc":{"start":{"line":1,"column":12},"end":{"line":1,"column":null}},"type":"binary-expr","locations":[{"start":{"line":1,"column":12},"end":{"line":1,"column":21}},{"start":{"line":1,"column":21},"end":{"line":1,"column":null}}]},"1":{"loc":{"start":{"line":25,"column":8},"end":{"line":41,"column":9}},"type":"switch","locations":[{"start":{"line":26,"column":12},"end":{"line":27,"column":27}},{"start":{"line":28,"column":12},"end":{"line":29,"column":27}},{"start":{"line":30,"column":12},"end":{"line":31,"column":27}},{"start":{"line":32,"column":12},"end":{"line":33,"column":27}},{"start":{"line":34,"column":12},"end":{"line":35,"column":27}},{"start":{"line":36,"column":12},"end":{"line":37,"column":27}},{"start":{"line":38,"column":12},"end":{"line":38,"column":42}},{"start":{"line":39,"column":12},"end":{"line":40,"column":27}}]},"2":{"loc":{"start":{"line":48,"column":4},"end":{"line":56,"column":5}},"type":"if","locations":[{"start":{"line":48,"column":4},"end":{"line":56,"column":5}},{"start":{},"end":{}}]},"3":{"loc":{"start":{"line":59,"column":4},"end":{"line":79,"column":5}},"type":"if","locations":[{"start":{"line":59,"column":4},"end":{"line":79,"column":5}},{"start":{},"end":{}}]},"4":{"loc":{"start":{"line":60,"column":8},"end":{"line":78,"column":9}},"type":"switch","locations":[{"start":{"line":61,"column":12},"end":{"line":61,"column":29}},{"start":{"line":62,"column":12},"end":{"line":69,"column":19}},{"start":{"line":70,"column":12},"end":{"line":77,"column":19}}]},"5":{"loc":{"start":{"line":82,"column":4},"end":{"line":90,"column":5}},"type":"if","locations":[{"start":{"line":82,"column":4},"end":{"line":90,"column":5}},{"start":{},"end":{}}]},"6":{"loc":{"start":{"line":92,"column":4},"end":{"line":100,"column":5}},"type":"if","locations":[{"start":{"line":92,"column":4},"end":{"line":100,"column":5}},{"start":{},"end":{}}]}},"s":{"0":0,"1":0,"2":0,"3":0,"4":0,"5":0,"6":0,"7":0,"8":0,"9":0,"10":0,"11":0,"12":0,"13":0,"14":0,"15":0,"16":0,"17":0,"18":0,"19":0,"20":0,"21":0,"22":0,"23":0,"24":0,"25":0,"26":0,"27":0,"28":0,"29":0,"30":0,"31":0,"32":0,"33":0,"34":0,"35":0},"f":{"0":0,"1":0,"2":0,"3":0},"b":{"0":[0,0],"1":[0,0,0,0,0,0,0,0],"2":[0,0],"3":[0,0],"4":[0,0,0],"5":[0,0],"6":[0,0]}}
}
