TN:
SF:src\basicutils.ts
FN:1,product
FNF:1
FNH:1
FNDA:1,product
DA:1,1
DA:2,1
LF:2
LH:2
BRF:0
BRH:0
end_of_record
TN:
SF:src\index.ts
FN:25,(anonymous_1)
FN:38,(anonymous_2)
FNF:2
FNH:0
FNDA:0,(anonymous_1)
FNDA:0,(anonymous_2)
DA:1,0
DA:2,0
DA:3,0
DA:4,0
DA:5,0
DA:6,0
DA:7,0
DA:9,0
DA:10,0
DA:13,0
DA:15,0
DA:19,0
DA:20,0
DA:21,0
DA:22,0
DA:25,0
DA:26,0
DA:38,0
DA:39,0
DA:40,0
DA:41,0
DA:42,0
DA:43,0
DA:44,0
DA:47,0
DA:50,0
LF:26
LH:0
BRDA:15,0,0,0
BRDA:15,0,1,0
BRDA:42,1,0,0
BRDA:42,1,1,0
BRF:4
BRH:0
end_of_record
TN:
SF:src\controllers\bug.controller.ts
FN:38,(anonymous_0)
FN:56,(anonymous_1)
FN:78,(anonymous_2)
FN:97,(anonymous_3)
FN:116,(anonymous_4)
FN:135,(anonymous_5)
FN:154,(anonymous_6)
FN:177,(anonymous_7)
FN:207,(anonymous_8)
FNF:9
FNH:0
FNDA:0,(anonymous_0)
FNDA:0,(anonymous_1)
FNDA:0,(anonymous_2)
FNDA:0,(anonymous_3)
FNDA:0,(anonymous_4)
FNDA:0,(anonymous_5)
FNDA:0,(anonymous_6)
FNDA:0,(anonymous_7)
FNDA:0,(anonymous_8)
DA:16,0
DA:17,0
DA:38,0
DA:39,0
DA:40,0
DA:41,0
DA:43,0
DA:56,0
DA:57,0
DA:58,0
DA:59,0
DA:60,0
DA:61,0
DA:63,0
DA:65,0
DA:78,0
DA:79,0
DA:80,0
DA:81,0
DA:82,0
DA:84,0
DA:97,0
DA:98,0
DA:99,0
DA:100,0
DA:101,0
DA:103,0
DA:116,0
DA:117,0
DA:118,0
DA:119,0
DA:120,0
DA:122,0
DA:135,0
DA:136,0
DA:137,0
DA:138,0
DA:139,0
DA:141,0
DA:154,0
DA:155,0
DA:156,0
DA:157,0
DA:158,0
DA:163,0
DA:177,0
DA:178,0
DA:179,0
DA:180,0
DA:181,0
DA:182,0
DA:183,0
DA:185,0
DA:190,0
DA:191,0
DA:193,0
DA:207,0
DA:208,0
DA:209,0
DA:210,0
DA:211,0
DA:212,0
DA:214,0
DA:216,0
DA:217,0
DA:219,0
LF:66
LH:0
BRDA:60,0,0,0
BRDA:60,0,1,0
BRDA:182,1,0,0
BRDA:182,1,1,0
BRDA:190,2,0,0
BRDA:190,2,1,0
BRDA:211,3,0,0
BRDA:211,3,1,0
BRDA:216,4,0,0
BRDA:216,4,1,0
BRF:10
BRH:0
end_of_record
TN:
SF:src\controllers\comment.controller.ts
FN:34,(anonymous_0)
FN:52,(anonymous_1)
FN:75,(anonymous_2)
FN:94,(anonymous_3)
FN:114,(anonymous_4)
FN:137,(anonymous_5)
FN:164,(anonymous_6)
FN:187,(anonymous_7)
FNF:8
FNH:0
FNDA:0,(anonymous_0)
FNDA:0,(anonymous_1)
FNDA:0,(anonymous_2)
FNDA:0,(anonymous_3)
FNDA:0,(anonymous_4)
FNDA:0,(anonymous_5)
FNDA:0,(anonymous_6)
FNDA:0,(anonymous_7)
DA:13,0
DA:14,0
DA:34,0
DA:35,0
DA:36,0
DA:37,0
DA:39,0
DA:52,0
DA:53,0
DA:54,0
DA:55,0
DA:56,0
DA:57,0
DA:59,0
DA:61,0
DA:75,0
DA:76,0
DA:77,0
DA:78,0
DA:79,0
DA:81,0
DA:94,0
DA:95,0
DA:96,0
DA:97,0
DA:98,0
DA:100,0
DA:114,0
DA:115,0
DA:116,0
DA:117,0
DA:118,0
DA:123,0
DA:137,0
DA:138,0
DA:139,0
DA:140,0
DA:141,0
DA:142,0
DA:143,0
DA:145,0
DA:150,0
DA:164,0
DA:165,0
DA:166,0
DA:167,0
DA:168,0
DA:169,0
DA:171,0
DA:173,0
DA:187,0
DA:188,0
DA:189,0
DA:190,0
DA:191,0
DA:195,0
LF:56
LH:0
BRDA:56,0,0,0
BRDA:56,0,1,0
BRDA:142,1,0,0
BRDA:142,1,1,0
BRDA:168,2,0,0
BRDA:168,2,1,0
BRF:6
BRH:0
end_of_record
TN:
SF:src\controllers\project.controller.ts
FN:34,(anonymous_0)
FN:53,(anonymous_1)
FN:76,(anonymous_2)
FN:96,(anonymous_3)
FN:120,(anonymous_4)
FN:149,(anonymous_5)
FNF:6
FNH:0
FNDA:0,(anonymous_0)
FNDA:0,(anonymous_1)
FNDA:0,(anonymous_2)
FNDA:0,(anonymous_3)
FNDA:0,(anonymous_4)
FNDA:0,(anonymous_5)
DA:14,0
DA:15,0
DA:34,0
DA:35,0
DA:36,0
DA:37,0
DA:39,0
DA:53,0
DA:54,0
DA:55,0
DA:56,0
DA:57,0
DA:58,0
DA:60,0
DA:62,0
DA:76,0
DA:77,0
DA:78,0
DA:79,0
DA:80,0
DA:82,0
DA:96,0
DA:97,0
DA:98,0
DA:99,0
DA:100,0
DA:105,0
DA:120,0
DA:121,0
DA:122,0
DA:123,0
DA:124,0
DA:125,0
DA:126,0
DA:128,0
DA:133,0
DA:149,0
DA:150,0
DA:151,0
DA:152,0
DA:153,0
DA:154,0
DA:156,0
DA:158,0
LF:44
LH:0
BRDA:57,0,0,0
BRDA:57,0,1,0
BRDA:125,1,0,0
BRDA:125,1,1,0
BRDA:153,2,0,0
BRDA:153,2,1,0
BRF:6
BRH:0
end_of_record
TN:
SF:src\controllers\user.controller.ts
FN:14,(anonymous_0)
FN:23,(anonymous_1)
FN:32,(anonymous_2)
FN:41,(anonymous_3)
FN:50,(anonymous_4)
FN:59,(anonymous_5)
FN:68,(anonymous_6)
FNF:7
FNH:0
FNDA:0,(anonymous_0)
FNDA:0,(anonymous_1)
FNDA:0,(anonymous_2)
FNDA:0,(anonymous_3)
FNDA:0,(anonymous_4)
FNDA:0,(anonymous_5)
FNDA:0,(anonymous_6)
DA:2,0
DA:11,0
DA:14,0
DA:15,0
DA:16,0
DA:18,0
DA:23,0
DA:24,0
DA:25,0
DA:27,0
DA:32,0
DA:33,0
DA:34,0
DA:36,0
DA:41,0
DA:42,0
DA:43,0
DA:45,0
DA:50,0
DA:51,0
DA:52,0
DA:54,0
DA:59,0
DA:60,0
DA:61,0
DA:63,0
DA:68,0
DA:69,0
DA:70,0
DA:72,0
LF:30
LH:0
BRF:0
BRH:0
end_of_record
TN:
SF:src\middleware\auth.middleware.ts
FN:19,(anonymous_1)
FN:59,(anonymous_2)
FN:60,(anonymous_3)
FN:84,(anonymous_4)
FNF:4
FNH:0
FNDA:0,(anonymous_1)
FNDA:0,(anonymous_2)
FNDA:0,(anonymous_3)
FNDA:0,(anonymous_4)
DA:1,0
DA:3,0
DA:19,0
DA:20,0
DA:21,0
DA:22,0
DA:24,0
DA:25,0
DA:29,0
DA:32,0
DA:33,0
DA:34,0
DA:38,0
DA:44,0
DA:46,0
DA:48,0
DA:49,0
DA:50,0
DA:51,0
DA:54,0
DA:59,0
DA:60,0
DA:61,0
DA:62,0
DA:65,0
DA:66,0
DA:73,0
DA:78,0
DA:81,0
DA:84,0
DA:85,0
DA:86,0
DA:87,0
DA:89,0
DA:90,0
DA:92,0
DA:93,0
DA:94,0
DA:102,0
DA:105,0
DA:106,0
LF:41
LH:0
BRDA:22,0,0,0
BRDA:22,0,1,0
BRDA:24,1,0,0
BRDA:24,1,1,0
BRDA:29,2,0,0
BRDA:29,2,1,0
BRDA:33,3,0,0
BRDA:33,3,1,0
BRDA:48,4,0,0
BRDA:48,4,1,0
BRDA:50,5,0,0
BRDA:50,5,1,0
BRDA:61,6,0,0
BRDA:61,6,1,0
BRDA:65,7,0,0
BRDA:65,7,1,0
BRDA:87,8,0,0
BRDA:87,8,1,0
BRDA:89,9,0,0
BRDA:89,9,1,0
BRDA:90,10,0,0
BRDA:90,10,1,0
BRDA:93,11,0,0
BRDA:93,11,1,0
BRF:24
BRH:0
end_of_record
TN:
SF:src\repositories\bugs.repositories.ts
FN:7,(anonymous_0)
FN:19,(anonymous_1)
FN:31,(anonymous_2)
FN:43,(anonymous_3)
FN:55,(anonymous_4)
FN:67,(anonymous_5)
FN:79,(anonymous_6)
FN:94,(anonymous_7)
FN:144,(anonymous_8)
FNF:9
FNH:0
FNDA:0,(anonymous_0)
FNDA:0,(anonymous_1)
FNDA:0,(anonymous_2)
FNDA:0,(anonymous_3)
FNDA:0,(anonymous_4)
FNDA:0,(anonymous_5)
FNDA:0,(anonymous_6)
FNDA:0,(anonymous_7)
FNDA:0,(anonymous_8)
DA:1,2
DA:5,2
DA:8,0
DA:9,0
DA:10,0
DA:11,0
DA:13,0
DA:14,0
DA:20,0
DA:21,0
DA:22,0
DA:23,0
DA:25,0
DA:26,0
DA:32,0
DA:33,0
DA:34,0
DA:35,0
DA:37,0
DA:38,0
DA:44,0
DA:45,0
DA:46,0
DA:47,0
DA:49,0
DA:50,0
DA:56,0
DA:57,0
DA:58,0
DA:59,0
DA:61,0
DA:62,0
DA:68,0
DA:69,0
DA:70,0
DA:71,0
DA:73,0
DA:74,0
DA:80,0
DA:81,0
DA:82,0
DA:86,0
DA:88,0
DA:89,0
DA:95,0
DA:96,0
DA:97,0
DA:98,0
DA:100,0
DA:101,0
DA:102,0
DA:104,0
DA:105,0
DA:106,0
DA:108,0
DA:109,0
DA:110,0
DA:112,0
DA:113,0
DA:114,0
DA:116,0
DA:117,0
DA:118,0
DA:121,0
DA:122,0
DA:125,0
DA:127,0
DA:134,0
DA:135,0
DA:136,0
DA:138,0
DA:139,0
DA:145,0
DA:146,0
DA:147,0
DA:148,0
DA:150,0
DA:151,0
LF:78
LH:2
BRDA:23,0,0,0
BRDA:23,0,1,0
BRDA:84,1,0,0
BRDA:84,1,1,0
BRDA:84,2,0,0
BRDA:84,2,1,0
BRDA:84,3,0,0
BRDA:84,3,1,0
BRDA:84,4,0,0
BRDA:84,4,1,0
BRDA:84,5,0,0
BRDA:84,5,1,0
BRDA:100,6,0,0
BRDA:100,6,1,0
BRDA:104,7,0,0
BRDA:104,7,1,0
BRDA:108,8,0,0
BRDA:108,8,1,0
BRDA:112,9,0,0
BRDA:112,9,1,0
BRDA:116,10,0,0
BRDA:116,10,1,0
BRDA:121,11,0,0
BRDA:121,11,1,0
BRDA:136,12,0,0
BRDA:136,12,1,0
BRDA:148,13,0,0
BRDA:148,13,1,0
BRF:28
BRH:0
end_of_record
TN:
SF:src\repositories\comments.repositories.ts
FN:7,(anonymous_0)
FN:19,(anonymous_1)
FN:31,(anonymous_2)
FN:43,(anonymous_3)
FN:55,(anonymous_4)
FN:70,(anonymous_5)
FN:89,(anonymous_6)
FN:101,(anonymous_7)
FNF:8
FNH:0
FNDA:0,(anonymous_0)
FNDA:0,(anonymous_1)
FNDA:0,(anonymous_2)
FNDA:0,(anonymous_3)
FNDA:0,(anonymous_4)
FNDA:0,(anonymous_5)
FNDA:0,(anonymous_6)
FNDA:0,(anonymous_7)
DA:1,1
DA:5,1
DA:8,0
DA:9,0
DA:10,0
DA:11,0
DA:13,0
DA:14,0
DA:20,0
DA:21,0
DA:22,0
DA:23,0
DA:25,0
DA:26,0
DA:32,0
DA:33,0
DA:34,0
DA:35,0
DA:37,0
DA:38,0
DA:44,0
DA:45,0
DA:46,0
DA:47,0
DA:49,0
DA:50,0
DA:56,0
DA:57,0
DA:58,0
DA:62,0
DA:64,0
DA:65,0
DA:71,0
DA:72,0
DA:73,0
DA:76,0
DA:77,0
DA:81,0
DA:83,0
DA:84,0
DA:90,0
DA:91,0
DA:92,0
DA:93,0
DA:95,0
DA:96,0
DA:102,0
DA:103,0
DA:104,0
DA:105,0
DA:107,0
DA:108,0
LF:52
LH:2
BRDA:23,0,0,0
BRDA:23,0,1,0
BRDA:72,1,0,0
BRDA:72,1,1,0
BRDA:81,2,0,0
BRDA:81,2,1,0
BRDA:93,3,0,0
BRDA:93,3,1,0
BRDA:105,4,0,0
BRDA:105,4,1,0
BRF:10
BRH:0
end_of_record
TN:
SF:src\repositories\projects.repositories.ts
FN:7,(anonymous_0)
FN:19,(anonymous_1)
FN:31,(anonymous_2)
FN:43,(anonymous_3)
FN:58,(anonymous_4)
FN:96,(anonymous_5)
FNF:6
FNH:0
FNDA:0,(anonymous_0)
FNDA:0,(anonymous_1)
FNDA:0,(anonymous_2)
FNDA:0,(anonymous_3)
FNDA:0,(anonymous_4)
FNDA:0,(anonymous_5)
DA:1,2
DA:5,2
DA:8,0
DA:9,0
DA:10,0
DA:11,0
DA:13,0
DA:14,0
DA:20,0
DA:21,0
DA:22,0
DA:23,0
DA:25,0
DA:26,0
DA:32,0
DA:33,0
DA:34,0
DA:35,0
DA:37,0
DA:38,0
DA:44,0
DA:45,0
DA:46,0
DA:50,0
DA:52,0
DA:53,0
DA:59,0
DA:60,0
DA:61,0
DA:62,0
DA:64,0
DA:65,0
DA:66,0
DA:68,0
DA:69,0
DA:70,0
DA:73,0
DA:74,0
DA:77,0
DA:79,0
DA:86,0
DA:87,0
DA:88,0
DA:90,0
DA:91,0
DA:97,0
DA:98,0
DA:99,0
DA:100,0
DA:102,0
DA:103,0
LF:51
LH:2
BRDA:23,0,0,0
BRDA:23,0,1,0
BRDA:48,1,0,0
BRDA:48,1,1,0
BRDA:64,2,0,0
BRDA:64,2,1,0
BRDA:68,3,0,0
BRDA:68,3,1,0
BRDA:73,4,0,0
BRDA:73,4,1,0
BRDA:88,5,0,0
BRDA:88,5,1,0
BRDA:100,6,0,0
BRDA:100,6,1,0
BRF:14
BRH:0
end_of_record
TN:
SF:src\repositories\user.repositories.ts
FN:7,(anonymous_0)
FN:19,(anonymous_1)
FN:31,(anonymous_2)
FN:43,(anonymous_3)
FN:58,(anonymous_4)
FN:104,(anonymous_5)
FNF:6
FNH:0
FNDA:0,(anonymous_0)
FNDA:0,(anonymous_1)
FNDA:0,(anonymous_2)
FNDA:0,(anonymous_3)
FNDA:0,(anonymous_4)
FNDA:0,(anonymous_5)
DA:1,3
DA:5,3
DA:8,0
DA:9,0
DA:10,0
DA:11,0
DA:13,0
DA:14,0
DA:20,0
DA:21,0
DA:22,0
DA:23,0
DA:25,0
DA:26,0
DA:32,0
DA:33,0
DA:34,0
DA:35,0
DA:37,0
DA:38,0
DA:44,0
DA:45,0
DA:46,0
DA:50,0
DA:52,0
DA:53,0
DA:59,0
DA:60,0
DA:61,0
DA:62,0
DA:64,0
DA:65,0
DA:66,0
DA:68,0
DA:69,0
DA:70,0
DA:72,0
DA:73,0
DA:74,0
DA:76,0
DA:77,0
DA:78,0
DA:81,0
DA:82,0
DA:85,0
DA:87,0
DA:94,0
DA:95,0
DA:96,0
DA:98,0
DA:99,0
DA:105,0
DA:106,0
DA:107,0
DA:108,0
DA:110,0
DA:111,0
LF:57
LH:2
BRDA:23,0,0,0
BRDA:23,0,1,0
BRDA:35,1,0,0
BRDA:35,1,1,0
BRDA:48,2,0,0
BRDA:48,2,1,0
BRDA:64,3,0,0
BRDA:64,3,1,0
BRDA:68,4,0,0
BRDA:68,4,1,0
BRDA:72,5,0,0
BRDA:72,5,1,0
BRDA:76,6,0,0
BRDA:76,6,1,0
BRDA:81,7,0,0
BRDA:81,7,1,0
BRDA:96,8,0,0
BRDA:96,8,1,0
BRDA:108,9,0,0
BRDA:108,9,1,0
BRF:20
BRH:0
end_of_record
TN:
SF:src\routes\bug.routes.ts
FN:4,(anonymous_9)
FNF:1
FNH:0
FNDA:0,(anonymous_9)
DA:2,0
DA:4,0
DA:6,0
DA:9,0
DA:12,0
DA:15,0
DA:18,0
DA:21,0
DA:24,0
DA:27,0
DA:30,0
DA:33,0
LF:12
LH:0
BRF:0
BRH:0
end_of_record
TN:
SF:src\routes\comments.routes.ts
FN:4,(anonymous_9)
FNF:1
FNH:0
FNDA:0,(anonymous_9)
DA:2,0
DA:4,0
DA:6,0
DA:9,0
DA:12,0
DA:15,0
DA:18,0
DA:21,0
DA:24,0
DA:27,0
DA:30,0
LF:11
LH:0
BRF:0
BRH:0
end_of_record
TN:
SF:src\routes\projects.routes.ts
FN:4,(anonymous_9)
FNF:1
FNH:0
FNDA:0,(anonymous_9)
DA:2,0
DA:4,0
DA:6,0
DA:9,0
DA:12,0
DA:15,0
DA:18,0
DA:21,0
DA:24,0
LF:9
LH:0
BRF:0
BRH:0
end_of_record
TN:
SF:src\routes\user.routes.ts
FN:4,(anonymous_9)
FNF:1
FNH:0
FNDA:0,(anonymous_9)
DA:2,0
DA:4,0
DA:6,0
DA:9,0
DA:12,0
DA:15,0
DA:18,0
DA:21,0
DA:24,0
DA:27,0
LF:10
LH:0
BRF:0
BRH:0
end_of_record
TN:
SF:src\services\bug.services.ts
FN:5,(anonymous_0)
FN:50,(anonymous_1)
FN:79,(anonymous_2)
FN:90,(anonymous_3)
FN:105,(anonymous_4)
FN:120,(anonymous_5)
FN:135,(anonymous_6)
FN:150,(anonymous_7)
FN:165,(anonymous_8)
FN:184,(anonymous_9)
FN:205,(anonymous_10)
FNF:11
FNH:2
FNDA:0,(anonymous_0)
FNDA:0,(anonymous_1)
FNDA:1,(anonymous_2)
FNDA:2,(anonymous_3)
FNDA:0,(anonymous_4)
FNDA:0,(anonymous_5)
FNDA:0,(anonymous_6)
FNDA:0,(anonymous_7)
FNDA:0,(anonymous_8)
FNDA:0,(anonymous_9)
FNDA:0,(anonymous_10)
DA:1,1
DA:2,1
DA:5,1
DA:6,0
DA:8,0
DA:9,0
DA:12,0
DA:13,0
DA:16,0
DA:17,0
DA:18,0
DA:22,0
DA:23,0
DA:24,0
DA:28,0
DA:29,0
DA:30,0
DA:34,0
DA:35,0
DA:36,0
DA:39,0
DA:50,1
DA:51,0
DA:53,0
DA:54,0
DA:58,0
DA:59,0
DA:60,0
DA:64,0
DA:65,0
DA:66,0
DA:69,0
DA:79,1
DA:80,1
DA:81,1
DA:82,1
DA:84,0
DA:85,0
DA:90,1
DA:91,2
DA:92,2
DA:93,0
DA:96,2
DA:97,2
DA:99,0
DA:100,0
DA:105,1
DA:106,0
DA:107,0
DA:108,0
DA:111,0
DA:112,0
DA:114,0
DA:115,0
DA:120,1
DA:121,0
DA:122,0
DA:123,0
DA:126,0
DA:127,0
DA:129,0
DA:130,0
DA:135,1
DA:136,0
DA:137,0
DA:138,0
DA:141,0
DA:142,0
DA:144,0
DA:145,0
DA:150,1
DA:151,0
DA:152,0
DA:153,0
DA:156,0
DA:157,0
DA:159,0
DA:160,0
DA:165,1
DA:166,0
DA:167,0
DA:168,0
DA:171,0
DA:172,0
DA:173,0
DA:175,0
DA:176,0
DA:178,0
DA:179,0
DA:184,1
DA:185,0
DA:186,0
DA:187,0
DA:190,0
DA:191,0
DA:194,0
DA:196,0
DA:197,0
DA:199,0
DA:200,0
DA:205,1
DA:206,0
DA:207,0
DA:208,0
DA:211,0
DA:212,0
DA:214,0
DA:215,0
LF:108
LH:20
BRDA:6,0,0,0
BRDA:6,0,1,0
BRDA:8,1,0,0
BRDA:8,1,1,0
BRDA:8,2,0,0
BRDA:8,2,1,0
BRDA:12,3,0,0
BRDA:12,3,1,0
BRDA:12,4,0,0
BRDA:12,4,1,0
BRDA:17,5,0,0
BRDA:17,5,1,0
BRDA:23,6,0,0
BRDA:23,6,1,0
BRDA:29,7,0,0
BRDA:29,7,1,0
BRDA:29,8,0,0
BRDA:29,8,1,0
BRDA:35,9,0,0
BRDA:35,9,1,0
BRDA:35,10,0,0
BRDA:35,10,1,0
BRDA:41,11,0,0
BRDA:41,11,1,0
BRDA:42,12,0,0
BRDA:42,12,1,0
BRDA:43,13,0,0
BRDA:43,13,1,0
BRDA:45,14,0,0
BRDA:45,14,1,0
BRDA:46,15,0,0
BRDA:46,15,1,0
BRDA:51,16,0,0
BRDA:51,16,1,0
BRDA:53,17,0,0
BRDA:53,17,1,0
BRDA:53,18,0,0
BRDA:53,18,1,0
BRDA:53,18,2,0
BRDA:59,19,0,0
BRDA:59,19,1,0
BRDA:59,20,0,0
BRDA:59,20,1,0
BRDA:65,21,0,0
BRDA:65,21,1,0
BRDA:65,22,0,0
BRDA:65,22,1,0
BRDA:70,23,0,0
BRDA:70,23,1,0
BRDA:92,24,0,0
BRDA:92,24,1,2
BRDA:107,25,0,0
BRDA:107,25,1,0
BRDA:122,26,0,0
BRDA:122,26,1,0
BRDA:137,27,0,0
BRDA:137,27,1,0
BRDA:152,28,0,0
BRDA:152,28,1,0
BRDA:167,29,0,0
BRDA:167,29,1,0
BRDA:186,30,0,0
BRDA:186,30,1,0
BRDA:190,31,0,0
BRDA:190,31,1,0
BRDA:190,32,0,0
BRDA:190,32,1,0
BRDA:207,33,0,0
BRDA:207,33,1,0
BRF:69
BRH:1
end_of_record
TN:
SF:src\services\comments.services.ts
FN:8,(anonymous_0)
FN:43,(anonymous_1)
FN:56,(anonymous_2)
FN:67,(anonymous_3)
FN:82,(anonymous_4)
FN:97,(anonymous_5)
FN:112,(anonymous_6)
FN:131,(anonymous_7)
FN:152,(anonymous_8)
FN:167,(anonymous_9)
FNF:10
FNH:10
FNDA:6,(anonymous_0)
FNDA:2,(anonymous_1)
FNDA:1,(anonymous_2)
FNDA:2,(anonymous_3)
FNDA:2,(anonymous_4)
FNDA:2,(anonymous_5)
FNDA:7,(anonymous_6)
FNDA:5,(anonymous_7)
FNDA:2,(anonymous_8)
FNDA:2,(anonymous_9)
DA:1,1
DA:2,1
DA:3,1
DA:8,1
DA:9,6
DA:11,6
DA:12,1
DA:15,5
DA:16,1
DA:19,4
DA:20,4
DA:21,1
DA:25,3
DA:26,3
DA:27,1
DA:31,2
DA:32,2
DA:33,1
DA:36,1
DA:43,1
DA:44,2
DA:46,2
DA:47,1
DA:50,1
DA:56,1
DA:57,1
DA:58,1
DA:59,1
DA:61,0
DA:62,0
DA:67,1
DA:68,2
DA:69,2
DA:70,1
DA:73,1
DA:74,1
DA:76,1
DA:77,1
DA:82,1
DA:83,2
DA:84,2
DA:85,1
DA:88,1
DA:89,1
DA:91,1
DA:92,1
DA:97,1
DA:98,2
DA:99,2
DA:100,1
DA:103,1
DA:104,1
DA:106,1
DA:107,1
DA:112,1
DA:113,7
DA:114,7
DA:115,1
DA:118,6
DA:119,6
DA:120,1
DA:122,1
DA:123,1
DA:125,5
DA:126,5
DA:131,1
DA:132,5
DA:133,5
DA:134,1
DA:137,4
DA:138,2
DA:141,2
DA:143,1
DA:144,1
DA:146,4
DA:147,4
DA:152,1
DA:153,2
DA:154,2
DA:155,1
DA:158,1
DA:159,1
DA:161,1
DA:162,1
DA:167,1
DA:168,2
DA:169,2
DA:170,1
DA:173,1
DA:174,1
DA:176,1
DA:177,1
LF:92
LH:90
BRDA:9,0,0,6
BRDA:9,0,1,0
BRDA:11,1,0,1
BRDA:11,1,1,5
BRDA:11,2,0,6
BRDA:11,2,1,6
BRDA:11,2,2,6
BRDA:15,3,0,1
BRDA:15,3,1,4
BRDA:15,4,0,5
BRDA:15,4,1,4
BRDA:15,4,2,4
BRDA:20,5,0,1
BRDA:20,5,1,3
BRDA:26,6,0,1
BRDA:26,6,1,2
BRDA:32,7,0,1
BRDA:32,7,1,1
BRDA:44,8,0,2
BRDA:44,8,1,0
BRDA:46,9,0,1
BRDA:46,9,1,1
BRDA:46,10,0,2
BRDA:46,10,1,2
BRDA:46,10,2,2
BRDA:51,11,0,1
BRDA:51,11,1,0
BRDA:69,12,0,1
BRDA:69,12,1,1
BRDA:84,13,0,1
BRDA:84,13,1,1
BRDA:99,14,0,1
BRDA:99,14,1,1
BRDA:114,15,0,1
BRDA:114,15,1,6
BRDA:133,16,0,1
BRDA:133,16,1,4
BRDA:137,17,0,2
BRDA:137,17,1,2
BRDA:137,18,0,4
BRDA:137,18,1,3
BRDA:154,19,0,1
BRDA:154,19,1,1
BRDA:169,20,0,1
BRDA:169,20,1,1
BRF:45
BRH:42
end_of_record
TN:
SF:src\services\projects.services.ts
FN:5,(anonymous_0)
FN:34,(anonymous_1)
FN:48,(anonymous_2)
FN:59,(anonymous_3)
FN:74,(anonymous_4)
FN:89,(anonymous_5)
FN:108,(anonymous_6)
FN:129,(anonymous_7)
FNF:8
FNH:8
FNDA:5,(anonymous_0)
FNDA:2,(anonymous_1)
FNDA:1,(anonymous_2)
FNDA:2,(anonymous_3)
FNDA:2,(anonymous_4)
FNDA:6,(anonymous_5)
FNDA:5,(anonymous_6)
FNDA:2,(anonymous_7)
DA:1,1
DA:2,1
DA:5,1
DA:6,5
DA:8,5
DA:9,1
DA:12,4
DA:13,1
DA:16,3
DA:17,3
DA:18,1
DA:22,2
DA:23,2
DA:24,1
DA:27,1
DA:34,1
DA:35,2
DA:37,2
DA:38,1
DA:41,1
DA:48,1
DA:49,1
DA:50,1
DA:51,1
DA:53,0
DA:54,0
DA:59,1
DA:60,2
DA:61,2
DA:62,1
DA:65,1
DA:66,1
DA:68,1
DA:69,1
DA:74,1
DA:75,2
DA:76,2
DA:77,1
DA:80,1
DA:81,1
DA:83,1
DA:84,1
DA:89,1
DA:90,6
DA:91,6
DA:92,1
DA:95,5
DA:96,5
DA:97,1
DA:99,1
DA:100,1
DA:102,4
DA:103,4
DA:108,1
DA:109,5
DA:110,5
DA:111,1
DA:114,4
DA:115,2
DA:118,2
DA:120,1
DA:121,1
DA:123,4
DA:124,4
DA:129,1
DA:130,2
DA:131,2
DA:132,1
DA:135,1
DA:136,1
DA:138,1
DA:139,1
LF:72
LH:70
BRDA:6,0,0,5
BRDA:6,0,1,0
BRDA:8,1,0,1
BRDA:8,1,1,4
BRDA:8,2,0,5
BRDA:8,2,1,4
BRDA:12,3,0,1
BRDA:12,3,1,3
BRDA:12,4,0,4
BRDA:12,4,1,3
BRDA:17,5,0,1
BRDA:17,5,1,2
BRDA:23,6,0,1
BRDA:23,6,1,1
BRDA:29,7,0,1
BRDA:29,7,1,0
BRDA:35,8,0,2
BRDA:35,8,1,0
BRDA:37,9,0,1
BRDA:37,9,1,1
BRDA:37,10,0,2
BRDA:37,10,1,2
BRDA:37,10,2,2
BRDA:42,11,0,1
BRDA:42,11,1,0
BRDA:61,12,0,1
BRDA:61,12,1,1
BRDA:76,13,0,1
BRDA:76,13,1,1
BRDA:91,14,0,1
BRDA:91,14,1,5
BRDA:110,15,0,1
BRDA:110,15,1,4
BRDA:114,16,0,2
BRDA:114,16,1,2
BRDA:114,17,0,4
BRDA:114,17,1,3
BRDA:131,18,0,1
BRDA:131,18,1,1
BRF:39
BRH:35
end_of_record
TN:
SF:src\services\user.services.ts
FN:8,(anonymous_1)
FN:42,(anonymous_2)
FN:78,(anonymous_3)
FN:131,(anonymous_4)
FN:158,(anonymous_5)
FN:206,(anonymous_6)
FN:211,(anonymous_7)
FN:230,(anonymous_8)
FN:261,(anonymous_9)
FNF:9
FNH:6
FNDA:1,(anonymous_1)
FNDA:1,(anonymous_2)
FNDA:3,(anonymous_3)
FNDA:3,(anonymous_4)
FNDA:5,(anonymous_5)
FNDA:0,(anonymous_6)
FNDA:0,(anonymous_7)
FNDA:0,(anonymous_8)
FNDA:7,(anonymous_9)
DA:1,1
DA:4,1
DA:6,1
DA:8,1
DA:9,1
DA:10,1
DA:11,1
DA:14,0
DA:15,0
DA:17,0
DA:18,0
DA:20,0
DA:22,0
DA:23,0
DA:26,0
DA:27,0
DA:30,0
DA:32,0
DA:34,0
DA:42,1
DA:43,1
DA:44,1
DA:45,0
DA:46,0
DA:48,1
DA:49,1
DA:50,0
DA:53,0
DA:54,0
DA:55,0
DA:59,0
DA:62,0
DA:64,0
DA:69,1
DA:70,1
DA:78,1
DA:79,3
DA:81,3
DA:82,0
DA:85,3
DA:87,3
DA:88,3
DA:89,1
DA:93,2
DA:94,2
DA:97,2
DA:98,2
DA:99,1
DA:103,1
DA:114,1
DA:116,1
DA:122,0
DA:123,0
DA:131,1
DA:132,3
DA:133,3
DA:135,3
DA:136,1
DA:139,2
DA:140,2
DA:141,1
DA:145,1
DA:147,1
DA:149,0
DA:150,0
DA:158,1
DA:159,5
DA:160,5
DA:162,5
DA:163,1
DA:166,4
DA:167,4
DA:169,4
DA:170,4
DA:172,4
DA:173,1
DA:177,3
DA:178,2
DA:179,2
DA:180,1
DA:184,2
DA:185,2
DA:186,1
DA:190,1
DA:192,1
DA:197,0
DA:198,0
DA:206,1
DA:207,0
DA:208,0
DA:211,0
DA:212,0
DA:213,0
DA:216,0
DA:221,0
DA:222,0
DA:230,1
DA:231,0
DA:232,0
DA:234,0
DA:235,0
DA:239,0
DA:240,0
DA:241,0
DA:245,0
DA:246,0
DA:247,0
DA:250,0
DA:252,0
DA:253,0
DA:261,1
DA:262,7
DA:263,7
DA:264,7
DA:266,7
DA:267,1
DA:270,6
DA:271,1
DA:274,5
DA:275,1
DA:279,4
DA:280,4
DA:281,1
DA:285,3
DA:286,3
DA:287,1
DA:291,2
DA:294,2
DA:296,1
DA:298,1
DA:299,1
LF:131
LH:82
BRDA:9,0,0,1
BRDA:9,0,1,0
BRDA:10,1,0,1
BRDA:10,1,1,0
BRDA:10,2,0,1
BRDA:10,2,1,0
BRDA:10,2,2,0
BRDA:14,3,0,0
BRDA:14,3,1,0
BRDA:14,4,0,0
BRDA:14,4,1,0
BRDA:22,5,0,0
BRDA:22,5,1,0
BRDA:26,6,0,0
BRDA:26,6,1,0
BRDA:38,7,0,0
BRDA:38,7,1,0
BRDA:38,8,0,0
BRDA:38,8,1,0
BRDA:44,9,0,0
BRDA:44,9,1,1
BRDA:54,10,0,0
BRDA:54,10,1,0
BRDA:81,11,0,0
BRDA:81,11,1,3
BRDA:81,12,0,3
BRDA:81,12,1,3
BRDA:88,13,0,1
BRDA:88,13,1,2
BRDA:98,14,0,1
BRDA:98,14,1,1
BRDA:109,15,0,1
BRDA:109,15,1,0
BRDA:135,16,0,1
BRDA:135,16,1,2
BRDA:140,17,0,1
BRDA:140,17,1,1
BRDA:162,18,0,1
BRDA:162,18,1,4
BRDA:169,19,0,2
BRDA:169,19,1,2
BRDA:170,20,0,2
BRDA:170,20,1,2
BRDA:172,21,0,1
BRDA:172,21,1,3
BRDA:177,22,0,2
BRDA:177,22,1,1
BRDA:179,23,0,1
BRDA:179,23,1,1
BRDA:179,24,0,2
BRDA:179,24,1,1
BRDA:185,25,0,1
BRDA:185,25,1,1
BRDA:234,26,0,0
BRDA:234,26,1,0
BRDA:234,27,0,0
BRDA:234,27,1,0
BRDA:240,28,0,0
BRDA:240,28,1,0
BRDA:246,29,0,0
BRDA:246,29,1,0
BRDA:266,30,0,1
BRDA:266,30,1,6
BRDA:270,31,0,1
BRDA:270,31,1,5
BRDA:270,32,0,6
BRDA:270,32,1,6
BRDA:274,33,0,1
BRDA:274,33,1,4
BRDA:280,34,0,1
BRDA:280,34,1,3
BRDA:286,35,0,1
BRDA:286,35,1,2
BRF:73
BRH:44
end_of_record
TN:
SF:src\utils\errorHandler.ts
FN:1,(anonymous_0)
FN:16,(anonymous_1)
FN:24,(anonymous_2)
FN:45,(anonymous_3)
FNF:4
FNH:0
FNDA:0,(anonymous_0)
FNDA:0,(anonymous_1)
FNDA:0,(anonymous_2)
FNDA:0,(anonymous_3)
DA:1,0
DA:2,0
DA:3,0
DA:4,0
DA:5,0
DA:6,0
DA:7,0
DA:8,0
DA:11,0
DA:17,0
DA:18,0
DA:19,0
DA:20,0
DA:21,0
DA:25,0
DA:27,0
DA:29,0
DA:31,0
DA:33,0
DA:35,0
DA:37,0
DA:40,0
DA:45,0
DA:46,0
DA:48,0
DA:49,0
DA:59,0
DA:60,0
DA:63,0
DA:71,0
DA:82,0
DA:83,0
DA:92,0
DA:93,0
DA:103,0
LF:35
LH:0
BRDA:1,0,0,0
BRDA:1,0,1,0
BRDA:25,1,0,0
BRDA:25,1,1,0
BRDA:25,1,2,0
BRDA:25,1,3,0
BRDA:25,1,4,0
BRDA:25,1,5,0
BRDA:25,1,6,0
BRDA:25,1,7,0
BRDA:48,2,0,0
BRDA:48,2,1,0
BRDA:59,3,0,0
BRDA:59,3,1,0
BRDA:60,4,0,0
BRDA:60,4,1,0
BRDA:60,4,2,0
BRDA:82,5,0,0
BRDA:82,5,1,0
BRDA:92,6,0,0
BRDA:92,6,1,0
BRF:21
BRH:0
end_of_record
